`````````````````````````````````````````````````````````````````````
[ 4.3.6774.39167 ] 2019-10-20 12:18:17.3449459 UTC
---------------------------------------------------------------------
System.IO.IOException: The process cannot access the file 'C:\Games\Windower4\scripts\autoload\profile.Valka.txt' because it is being used by another process.
   at System.IO.__Error.WinIOError(Int32 errorCode, String maybeFullPath)
   at System.IO.FileStream.Init(String path, FileMode mode, FileAccess access, Int32 rights, Boolean useRights, FileShare share, Int32 bufferSize, FileOptions options, SECURITY_ATTRIBUTES secAttrs, String msgPath, Boolean bFromProxy, Boolean useLongPath, Boolean checkHost)
   at System.IO.FileStream..ctor(String path, FileMode mode, FileAccess access, FileShare share)
   at System.IO.File.Open(String path, FileMode mode)
   at Launcher.Injector.Launch(String hook, Profile profile, Boolean debug, TimeSpan timeout)
   at Launcher.Tasks.LaunchTask.Run()
   at Launcher.Tasks.Task.Run(Core core)
   at Launcher.Core.Run()
   at System.Threading.ThreadHelper.ThreadStart_Context(Object state)
   at System.Threading.ExecutionContext.RunInternal(ExecutionContext executionContext, ContextCallback callback, Object state, Boolean preserveSyncCtx)
   at System.Threading.ExecutionContext.Run(ExecutionContext executionContext, ContextCallback callback, Object state, Boolean preserveSyncCtx)
   at System.Threading.ExecutionContext.Run(ExecutionContext executionContext, ContextCallback callback, Object state)
   at System.Threading.ThreadHelper.ThreadStart()
`````````````````````````````````````````````````````````````````````

´´´´´´´´´´´´´´´´´´´´´´´´´´´´´´´´´´´´´´´´´´´´´´´´´´´´´´´´´´´´´´´´´´´´´
[ 4.3.7757.25903 ] 2022-07-07 12:34:58.2247987 UTC
---------------------------------------------------------------------
System.InvalidOperationException: Operation is not valid due to the current state of the object.
   at Launcher.Injector.Launch(String hook, Profile profile, Boolean debug, TimeSpan timeout)
   at Launcher.Tasks.LaunchTask.Run()
   at Launcher.Tasks.Task.Run(Core core)
   at Launcher.Core.Run()
   at System.Threading.ThreadHelper.ThreadStart_Context(Object state)
   at System.Threading.ExecutionContext.RunInternal(ExecutionContext executionContext, ContextCallback callback, Object state, Boolean preserveSyncCtx)
   at System.Threading.ExecutionContext.Run(ExecutionContext executionContext, ContextCallback callback, Object state, Boolean preserveSyncCtx)
   at System.Threading.ExecutionContext.Run(ExecutionContext executionContext, ContextCallback callback, Object state)
   at System.Threading.ThreadHelper.ThreadStart()
´´´´´´´´´´´´´´´´´´´´´´´´´´´´´´´´´´´´´´´´´´´´´´´´´´´´´´´´´´´´´´´´´´´´´

´´´´´´´´´´´´´´´´´´´´´´´´´´´´´´´´´´´´´´´´´´´´´´´´´´´´´´´´´´´´´´´´´´´´´
[ 4.3.7757.25903 ] 2022-07-07 12:35:21.6747536 UTC
---------------------------------------------------------------------
System.InvalidOperationException: Operation is not valid due to the current state of the object.
   at Launcher.Injector.Launch(String hook, Profile profile, Boolean debug, TimeSpan timeout)
   at Launcher.Tasks.LaunchTask.Run()
   at Launcher.Tasks.Task.Run(Core core)
   at Launcher.Core.Run()
   at System.Threading.ThreadHelper.ThreadStart_Context(Object state)
   at System.Threading.ExecutionContext.RunInternal(ExecutionContext executionContext, ContextCallback callback, Object state, Boolean preserveSyncCtx)
   at System.Threading.ExecutionContext.Run(ExecutionContext executionContext, ContextCallback callback, Object state, Boolean preserveSyncCtx)
   at System.Threading.ExecutionContext.Run(ExecutionContext executionContext, ContextCallback callback, Object state)
   at System.Threading.ThreadHelper.ThreadStart()
´´´´´´´´´´´´´´´´´´´´´´´´´´´´´´´´´´´´´´´´´´´´´´´´´´´´´´´´´´´´´´´´´´´´´

´´´´´´´´´´´´´´´´´´´´´´´´´´´´´´´´´´´´´´´´´´´´´´´´´´´´´´´´´´´´´´´´´´´´´
[ 4.3.7757.25903 ] 2022-07-07 13:31:52.0997290 UTC
---------------------------------------------------------------------
System.InvalidOperationException: Operation is not valid due to the current state of the object.
   at Launcher.Injector.Launch(String hook, Profile profile, Boolean debug, TimeSpan timeout)
   at Launcher.Tasks.LaunchTask.Run()
   at Launcher.Tasks.Task.Run(Core core)
   at Launcher.Core.Run()
   at System.Threading.ThreadHelper.ThreadStart_Context(Object state)
   at System.Threading.ExecutionContext.RunInternal(ExecutionContext executionContext, ContextCallback callback, Object state, Boolean preserveSyncCtx)
   at System.Threading.ExecutionContext.Run(ExecutionContext executionContext, ContextCallback callback, Object state, Boolean preserveSyncCtx)
   at System.Threading.ExecutionContext.Run(ExecutionContext executionContext, ContextCallback callback, Object state)
   at System.Threading.ThreadHelper.ThreadStart()
´´´´´´´´´´´´´´´´´´´´´´´´´´´´´´´´´´´´´´´´´´´´´´´´´´´´´´´´´´´´´´´´´´´´´

