[21:32:53] Sidunez[Rabao]: Odyssey Tier 3 Ngai Do you need it? cor heall 4/6
[21:33:00] Exarrius[Rabao]: Odyssey segment farm Looking for members. 5/6 Veteran BRD WHM SCH or tank
[21:33:08] Affyn[EastAdoulin]: Capacity Points Sih Gates 5/6 Incredibly tough DD
[21:33:14] === Area: Ceizak Battlegrounds ===
[21:33:22] The maximum number of people are already participating in Unity chat. Please try again later.
[21:33:30] Khory starts casting Yoran-Oran (UC) on Khory.
[21:33:32] (Yoran-Oran) Fantastic! You really are raking in those Unity accolades-ethy aren't you!
[21:33:37] Khory uses Light Arts.
[21:33:42] Khory uses Accession.
[21:33:45] Khory uses Perpetuance.
[21:33:52] ------------------------- precast -------------------------
[21:33:52] ammo Ghastly Tathlum +1
[21:33:52] head Amalric Coif
[21:33:52] neck Voltsurge Torque
[21:33:52] body Merlinic Jubbah
[21:33:52] hands Merlinic Dastanas
[21:33:52] left_ring Kishar Ring
[21:33:52] back Lugh's Cape
[21:33:52] legs Psycloth Lappas
[21:33:52] feet Merlinic Crackows
[21:33:52] ----------------------------------------------------------------
[21:33:52] ------------------------- midcast -------------------------
[21:33:52] sub Ammurapi Shield
[21:33:52] ammo Staunch Tathlum +1
[21:33:52] head Telchine Cap
[21:33:52] neck Argute Stole
[21:33:52] left_ear Lempo Earring
[21:33:52] right_ear Halasz Earring
[21:33:52] body Telchine Chas.
[21:33:52] hands Telchine Gloves
[21:33:52] left_ring Jhakri Ring
[21:33:52] right_ring Lebeche Ring
[21:33:52] back Lugh's Cape
[21:33:52] legs Telchine Braconi
[21:33:52] feet Telchine Pigaches
[21:33:52] ----------------------------------------------------------------
[21:33:53] Khory starts casting Regen V on Khory.
[21:33:54] ------------------------- aftercast -------------------------
[21:33:54] sub Genbu's Shield
[21:33:54] head Acad. Mortar. +3
[21:33:54] neck Loricate Torque +1
[21:33:54] left_ear Malignance Earring
[21:33:54] right_ear Odnowa Earring +1
[21:33:54] body Shamash Robe
[21:33:54] hands Arbatel Bracers +1
[21:33:54] left_ring Defending Ring
[21:33:54] right_ring Shneddick Ring
[21:33:54] legs Assid. Pants +1
[21:33:54] feet Nyame Sollerets
[21:33:54] ----------------------------------------------------------------
[21:33:57] Khory casts Regen V.
[21:33:57] Khory gains the effect of Regen.
[21:33:58] Yoran-Oran gains the effect of Regen.
[21:34:01] Khory uses Dark Arts.
[21:34:05] Khory uses Addendum: Black.
[21:34:05] ------------------------- precast -------------------------
[21:34:05] ammo Ghastly Tathlum +1
[21:34:05] head Amalric Coif
[21:34:05] neck Voltsurge Torque
[21:34:05] body Merlinic Jubbah
[21:34:05] hands Merlinic Dastanas
[21:34:05] left_ring Kishar Ring
[21:34:05] back Lugh's Cape
[21:34:05] legs Psycloth Lappas
[21:34:05] feet Merlinic Crackows
[21:34:05] ----------------------------------------------------------------
[21:34:05] ------------------------- midcast -------------------------
[21:34:05] sub Ammurapi Shield
[21:34:05] ammo Staunch Tathlum +1
[21:34:05] head Telchine Cap
[21:34:05] neck Argute Stole
[21:34:05] left_ear Lempo Earring
[21:34:05] right_ear Halasz Earring
[21:34:05] body Telchine Chas.
[21:34:05] hands Telchine Gloves
[21:34:05] left_ring Jhakri Ring
[21:34:05] right_ring Lebeche Ring
[21:34:05] back Lugh's Cape
[21:34:05] legs Telchine Braconi
[21:34:05] feet Telchine Pigaches
[21:34:05] ----------------------------------------------------------------
[21:34:06] Khory starts casting Firestorm II on Khory.
[21:34:06] ------------------------- aftercast -------------------------
[21:34:06] sub Genbu's Shield
[21:34:06] head Acad. Mortar. +3
[21:34:06] neck Loricate Torque +1
[21:34:06] left_ear Malignance Earring
[21:34:06] right_ear Odnowa Earring +1
[21:34:06] body Shamash Robe
[21:34:06] hands Arbatel Bracers +1
[21:34:06] left_ring Defending Ring
[21:34:06] right_ring Shneddick Ring
[21:34:06] legs Assid. Pants +1
[21:34:06] feet Nyame Sollerets
[21:34:06] ----------------------------------------------------------------
[21:34:10] ------------------------- precast -------------------------
[21:34:10] ammo Ghastly Tathlum +1
[21:34:10] head Amalric Coif
[21:34:10] neck Voltsurge Torque
[21:34:10] body Merlinic Jubbah
[21:34:10] hands Merlinic Dastanas
[21:34:10] left_ring Kishar Ring
[21:34:10] Khory casts Firestorm II.
[21:34:10] Khory gains the effect of Firestorm.
[21:34:10] back Lugh's Cape
[21:34:10] legs Psycloth Lappas
[21:34:10] feet Merlinic Crackows
[21:34:10] ----------------------------------------------------------------
[21:34:10] Khory starts casting Klimaform on Khory.
[21:34:11] ------------------------- aftercast -------------------------
[21:34:11] ammo Staunch Tathlum +1
[21:34:11] head Acad. Mortar. +3
[21:34:11] neck Loricate Torque +1
[21:34:11] body Shamash Robe
[21:34:11] hands Arbatel Bracers +1
[21:34:11] left_ring Defending Ring
[21:34:11] back Lugh's Cape
[21:34:11] legs Assid. Pants +1
[21:34:11] feet Nyame Sollerets
[21:34:11] ----------------------------------------------------------------
[21:34:14] Khory casts Klimaform.
[21:34:14] Khory gains the effect of Klimaform.
[21:34:21] (Khory) Starting SC
[21:34:22] ------------------------- precast -------------------------
[21:34:22] ammo Ghastly Tathlum +1
[21:34:22] head Amalric Coif
[21:34:22] neck Voltsurge Torque
[21:34:22] body Merlinic Jubbah
[21:34:22] hands Merlinic Dastanas
[21:34:22] left_ring Kishar Ring
[21:34:22] back Lugh's Cape
[21:34:22] legs Psycloth Lappas
[21:34:22] feet Merlinic Crackows
[21:34:22] ----------------------------------------------------------------
[21:34:22] ------------------------- midcast -------------------------
[21:34:22] main Bunzi's Rod
[21:34:22] sub Ammurapi Shield
[21:34:22] ammo Per. Lucky Egg
[21:34:22] head Volte Cap
[21:34:22] neck Argute Stole
[21:34:22] right_ear Friomisi Earring
[21:34:22] body Amalric Doublet +1
[21:34:22] hands Amalric Gages
[21:34:22] left_ring Freke Ring
[21:34:22] right_ring Mujin Band
[21:34:22] back Lugh's Cape
[21:34:22] waist Chaac Belt
[21:34:22] legs Agwu's Slops
[21:34:22] feet Agwu's Pigaches
[21:34:22] ----------------------------------------------------------------
[21:34:22] ------------------------- aftercast -------------------------
[21:34:22] main Bolelabunga
[21:34:22] sub Genbu's Shield
[21:34:22] ammo Staunch Tathlum +1
[21:34:22] head Acad. Mortar. +3
[21:34:22] neck Loricate Torque +1
[21:34:22] right_ear Odnowa Earring +1
[21:34:22] body Shamash Robe
[21:34:22] hands Arbatel Bracers +1
[21:34:22] left_ring Defending Ring
[21:34:22] right_ring Shneddick Ring
[21:34:22] waist Embla Sash
[21:34:22] legs Assid. Pants +1
[21:34:22] feet Nyame Sollerets
[21:34:22] ----------------------------------------------------------------
[21:34:23] Khory starts casting Fire on the Blanched Mandragora.
[21:34:23] Records of Eminence: Deal 500+ Damage.
[21:34:23] Progress: 20/200.
[21:34:24] Khory uses Immanence.
[21:34:25] Khory casts Fire.
[21:34:25] The Blanched Mandragora takes 921 points of damage.
[21:34:26] (Khory) Fusion in 3 seconds
[21:34:27] The Blanched Mandragora hits Khory for 11 points of damage.
[21:34:27] ------------------------- precast -------------------------
[21:34:27] ammo Ghastly Tathlum +1
[21:34:27] head Amalric Coif
[21:34:27] neck Voltsurge Torque
[21:34:27] body Merlinic Jubbah
[21:34:27] hands Merlinic Dastanas
[21:34:27] left_ring Kishar Ring
[21:34:27] back Lugh's Cape
[21:34:27] legs Psycloth Lappas
[21:34:27] feet Merlinic Crackows
[21:34:27] ----------------------------------------------------------------
[21:34:27] ------------------------- midcast -------------------------
[21:34:27] main Bunzi's Rod
[21:34:27] sub Ammurapi Shield
[21:34:27] ammo Per. Lucky Egg
[21:34:27] head Volte Cap
[21:34:27] neck Argute Stole
[21:34:27] right_ear Friomisi Earring
[21:34:27] body Amalric Doublet +1
[21:34:27] hands Amalric Gages
[21:34:27] left_ring Freke Ring
[21:34:27] right_ring Mujin Band
[21:34:27] back Lugh's Cape
[21:34:27] waist Chaac Belt
[21:34:27] legs Agwu's Slops
[21:34:27] feet Agwu's Pigaches
[21:34:27] ----------------------------------------------------------------
[21:34:27] ------------------------- aftercast -------------------------
[21:34:27] main Bolelabunga
[21:34:27] sub Genbu's Shield
[21:34:27] ammo Staunch Tathlum +1
[21:34:27] head Acad. Mortar. +3
[21:34:27] neck Loricate Torque +1
[21:34:27] right_ear Odnowa Earring +1
[21:34:27] body Shamash Robe
[21:34:27] hands Arbatel Bracers +1
[21:34:27] left_ring Defending Ring
[21:34:27] right_ring Shneddick Ring
[21:34:27] waist Embla Sash
[21:34:27] legs Assid. Pants +1
[21:34:27] feet Nyame Sollerets
[21:34:27] ----------------------------------------------------------------
[21:34:27] The Blanched Mandragora misses Khory.
[21:34:28] Khory starts casting Thunder on the Blanched Mandragora.
[21:34:29] Khory uses Immanence.
[21:34:29] [1]<Lohianxx> 50 items to upgrade unity item to +1?
[21:34:31] (Khory) Fusion!
[21:34:32] ------------------------- precast -------------------------
[21:34:32] ammo Ghastly Tathlum +1
[21:34:32] head Amalric Coif
[21:34:32] neck Voltsurge Torque
[21:34:32] body Merlinic Jubbah
[21:34:32] hands Merlinic Dastanas
[21:34:32] left_ring Kishar Ring
[21:34:32] back Lugh's Cape
[21:34:32] legs Psycloth Lappas
[21:34:32] feet Merlinic Crackows
[21:34:32] ----------------------------------------------------------------
[21:34:32] ------------------------- midcast -------------------------
[21:34:32] main Bunzi's Rod
[21:34:32] sub Culminus
[21:34:32] head Merlinic Hood
[21:34:32] neck Argute Stole
[21:34:32] right_ear Friomisi Earring
[21:34:32] body Amalric Doublet +1
[21:34:32] hands Amalric Gages
[21:34:32] left_ring Mallquis Ring
[21:34:32] right_ring Mujin Band
[21:34:32] back Lugh's Cape
[21:34:32] waist Sacro Cord
[21:34:32] legs Agwu's Slops
[21:34:32] feet Agwu's Pigaches
[21:34:32] ----------------------------------------------------------------
[21:34:33] The Blanched Mandragora hits Khory for 13 points of damage.
[21:34:33] Khory starts casting Pyrohelix II on the Blanched Mandragora.
[21:34:33] Khory casts Thunder.
[21:34:33] The Blanched Mandragora takes 950 points of damage.
[21:34:33] The Blanched Mandragora misses Khory.
[21:34:34] The Blanched Mandragora hits Khory for 19 points of damage.
[21:34:34] ------------------------- aftercast -------------------------
[21:34:34] main Bolelabunga
[21:34:34] sub Genbu's Shield
[21:34:34] ammo Staunch Tathlum +1
[21:34:34] head Acad. Mortar. +3
[21:34:34] neck Loricate Torque +1
[21:34:34] right_ear Odnowa Earring +1
[21:34:34] body Shamash Robe
[21:34:34] hands Arbatel Bracers +1
[21:34:34] Records of Eminence: Magic Damage Kills.
[21:34:34] left_ring Defending Ring
[21:34:34] Progress: 6/20.
[21:34:34] right_ring Shneddick Ring
[21:34:34] Records of Eminence: Vanquish Multiple Enemies I.
[21:34:34] waist Embla Sash
[21:34:34] Progress: 104/200.
[21:34:34] legs Assid. Pants +1
[21:34:34] feet Nyame Sollerets
[21:34:34] ----------------------------------------------------------------
[21:34:35] Khory uses Ebullience.
[21:34:37] Skillchain: Fusion.
[21:34:37] The Blanched Mandragora takes 1615 points of damage.
[21:34:37] Khory casts Pyrohelix II.
[21:34:37] Magic Burst! The Blanched Mandragora takes 11898 points of damage.
[21:34:38] Khory defeats the Blanched Mandragora.
[21:34:38] Khory gains 870 limit points.
[21:34:38] Khory gains 578 capacity points.
[21:34:38] You find a two-leaf mandragora bud on the Blanched Mandragora.
[21:34:38] Khory obtains a two-leaf mandragora bud.
[21:34:39] [1]<Kurosakichigo> yep
[21:34:41] [1]<Obviousagent> yes
[21:34:41] [1]<Cantidosama> and 10k unity points
[21:34:57] [1]<Lohianxx> kk, had a brain fart for a minute
[21:36:05] (Khory) Starting SC
[21:36:06] ------------------------- precast -------------------------
[21:36:06] ammo Ghastly Tathlum +1
[21:36:06] head Amalric Coif
[21:36:06] neck Voltsurge Torque
[21:36:06] body Merlinic Jubbah
[21:36:06] hands Merlinic Dastanas
[21:36:06] left_ring Kishar Ring
[21:36:06] back Lugh's Cape
[21:36:06] legs Psycloth Lappas
[21:36:06] feet Merlinic Crackows
[21:36:06] ----------------------------------------------------------------
[21:36:06] ------------------------- midcast -------------------------
[21:36:06] main Bunzi's Rod
[21:36:06] sub Ammurapi Shield
[21:36:06] ammo Per. Lucky Egg
[21:36:06] head Volte Cap
[21:36:06] neck Argute Stole
[21:36:06] right_ear Friomisi Earring
[21:36:06] body Amalric Doublet +1
[21:36:06] hands Amalric Gages
[21:36:06] left_ring Freke Ring
[21:36:06] right_ring Mujin Band
[21:36:06] back Lugh's Cape
[21:36:06] waist Chaac Belt
[21:36:06] legs Agwu's Slops
[21:36:06] feet Agwu's Pigaches
[21:36:06] ----------------------------------------------------------------
[21:36:06] Khory starts casting Fire on the Blanched Mandragora.
[21:36:07] ------------------------- aftercast -------------------------
[21:36:07] main Bolelabunga
[21:36:07] sub Genbu's Shield
[21:36:07] ammo Staunch Tathlum +1
[21:36:07] head Acad. Mortar. +3
[21:36:07] neck Loricate Torque +1
[21:36:07] right_ear Odnowa Earring +1
[21:36:07] body Shamash Robe
[21:36:07] hands Arbatel Bracers +1
[21:36:07] left_ring Defending Ring
[21:36:07] right_ring Shneddick Ring
[21:36:07] waist Embla Sash
[21:36:07] legs Assid. Pants +1
[21:36:07] feet Nyame Sollerets
[21:36:07] ----------------------------------------------------------------
[21:36:08] Khory uses Immanence.
[21:36:09] Khory casts Fire.
[21:36:09] The Blanched Mandragora takes 2459 points of damage.
[21:36:10] (Khory) Fusion in 3 seconds
[21:36:10] The Blanched Mandragora misses Khory.
[21:36:11] ------------------------- precast -------------------------
[21:36:11] ammo Ghastly Tathlum +1
[21:36:11] head Amalric Coif
[21:36:11] neck Voltsurge Torque
[21:36:11] body Merlinic Jubbah
[21:36:11] hands Merlinic Dastanas
[21:36:11] left_ring Kishar Ring
[21:36:11] back Lugh's Cape
[21:36:11] legs Psycloth Lappas
[21:36:11] feet Merlinic Crackows
[21:36:11] ----------------------------------------------------------------
[21:36:11] ------------------------- midcast -------------------------
[21:36:11] main Bunzi's Rod
[21:36:11] sub Ammurapi Shield
[21:36:11] ammo Per. Lucky Egg
[21:36:11] head Volte Cap
[21:36:11] neck Argute Stole
[21:36:11] right_ear Friomisi Earring
[21:36:11] body Amalric Doublet +1
[21:36:11] hands Amalric Gages
[21:36:11] left_ring Freke Ring
[21:36:11] right_ring Mujin Band
[21:36:11] back Lugh's Cape
[21:36:11] waist Chaac Belt
[21:36:11] legs Agwu's Slops
[21:36:11] feet Agwu's Pigaches
[21:36:11] ----------------------------------------------------------------
[21:36:11] ------------------------- aftercast -------------------------
[21:36:11] main Bolelabunga
[21:36:11] sub Genbu's Shield
[21:36:11] ammo Staunch Tathlum +1
[21:36:11] head Acad. Mortar. +3
[21:36:11] neck Loricate Torque +1
[21:36:11] right_ear Odnowa Earring +1
[21:36:11] body Shamash Robe
[21:36:11] hands Arbatel Bracers +1
[21:36:11] left_ring Defending Ring
[21:36:11] right_ring Shneddick Ring
[21:36:11] waist Embla Sash
[21:36:11] legs Assid. Pants +1
[21:36:11] feet Nyame Sollerets
[21:36:11] ----------------------------------------------------------------
[21:36:11] The Blanched Mandragora misses Khory.
[21:36:12] Khory starts casting Thunder on the Blanched Mandragora.
[21:36:13] Khory uses Immanence.
[21:36:15] (Khory) Fusion!
[21:36:16] ------------------------- precast -------------------------
[21:36:16] ammo Ghastly Tathlum +1
[21:36:16] head Amalric Coif
[21:36:16] neck Voltsurge Torque
[21:36:16] body Merlinic Jubbah
[21:36:16] The Blanched Mandragora hits Khory for 9 points of damage.
[21:36:16] hands Merlinic Dastanas
[21:36:16] left_ring Kishar Ring
[21:36:16] back Lugh's Cape
[21:36:16] legs Psycloth Lappas
[21:36:16] feet Merlinic Crackows
[21:36:16] ----------------------------------------------------------------
[21:36:16] ------------------------- midcast -------------------------
[21:36:16] main Bunzi's Rod
[21:36:16] sub Culminus
[21:36:16] head Merlinic Hood
[21:36:16] neck Argute Stole
[21:36:16] right_ear Friomisi Earring
[21:36:16] body Amalric Doublet +1
[21:36:16] hands Amalric Gages
[21:36:16] left_ring Mallquis Ring
[21:36:16] right_ring Mujin Band
[21:36:16] back Lugh's Cape
[21:36:16] waist Sacro Cord
[21:36:16] legs Agwu's Slops
[21:36:16] feet Agwu's Pigaches
[21:36:16] ----------------------------------------------------------------
[21:36:16] ------------------------- aftercast -------------------------
[21:36:16] main Bolelabunga
[21:36:16] sub Genbu's Shield
[21:36:16] ammo Staunch Tathlum +1
[21:36:16] head Acad. Mortar. +3
[21:36:16] neck Loricate Torque +1
[21:36:16] right_ear Odnowa Earring +1
[21:36:16] body Shamash Robe
[21:36:16] hands Arbatel Bracers +1
[21:36:16] left_ring Defending Ring
[21:36:16] right_ring Shneddick Ring
[21:36:16] waist Embla Sash
[21:36:16] legs Assid. Pants +1
[21:36:16] feet Nyame Sollerets
[21:36:16] ----------------------------------------------------------------
[21:36:17] Khory casts Thunder.
[21:36:17] The Blanched Mandragora takes 950 points of damage.
[21:36:17] Khory starts casting Pyrohelix II on the Blanched Mandragora.
[21:36:18] The Blanched Mandragora misses Khory.
[21:36:19] Khory uses Ebullience.
[21:36:20] Skillchain: Fusion.
[21:36:20] The Blanched Mandragora takes 1615 points of damage.
[21:36:21] The Blanched Mandragora falls to the ground.
[21:36:21] Records of Eminence: Vanquish Multiple Enemies I.
[21:36:21] Progress: 105/200.
[21:36:21] Khory casts Pyrohelix II.
[21:36:21] Magic Burst! The Blanched Mandragora takes 3249 points of damage.
[21:36:22] Limit chain #1!
[21:36:22] Khory gains 1044 limit points.
[21:36:22] Khory gains 578 capacity points.
[21:36:22] You find a Kindred's crest on the Blanched Mandragora.
[21:36:22] Khory obtains a Kindred's crest.
[21:37:09] (Khory) Starting SC
[21:37:10] ------------------------- precast -------------------------
[21:37:10] ammo Ghastly Tathlum +1
[21:37:10] head Amalric Coif
[21:37:10] neck Voltsurge Torque
[21:37:10] body Merlinic Jubbah
[21:37:10] hands Merlinic Dastanas
[21:37:10] left_ring Kishar Ring
[21:37:10] back Lugh's Cape
[21:37:10] legs Psycloth Lappas
[21:37:10] feet Merlinic Crackows
[21:37:10] ----------------------------------------------------------------
[21:37:10] ------------------------- midcast -------------------------
[21:37:10] main Bunzi's Rod
[21:37:10] sub Ammurapi Shield
[21:37:10] ammo Per. Lucky Egg
[21:37:10] head Volte Cap
[21:37:10] neck Argute Stole
[21:37:10] right_ear Friomisi Earring
[21:37:10] body Amalric Doublet +1
[21:37:10] hands Amalric Gages
[21:37:10] left_ring Freke Ring
[21:37:10] right_ring Mujin Band
[21:37:10] back Lugh's Cape
[21:37:10] waist Chaac Belt
[21:37:10] legs Agwu's Slops
[21:37:10] feet Agwu's Pigaches
[21:37:10] ----------------------------------------------------------------
[21:37:11] Khory starts casting Fire on the Blanched Mandragora.
[21:37:11] ------------------------- aftercast -------------------------
[21:37:11] main Bolelabunga
[21:37:11] sub Genbu's Shield
[21:37:11] ammo Staunch Tathlum +1
[21:37:11] head Acad. Mortar. +3
[21:37:11] neck Loricate Torque +1
[21:37:11] right_ear Odnowa Earring +1
[21:37:11] body Shamash Robe
[21:37:11] hands Arbatel Bracers +1
[21:37:11] left_ring Defending Ring
[21:37:11] right_ring Shneddick Ring
[21:37:11] waist Embla Sash
[21:37:11] legs Assid. Pants +1
[21:37:11] feet Nyame Sollerets
[21:37:11] ----------------------------------------------------------------
[21:37:12] Khory uses Immanence.
[21:37:13] Khory casts Fire.
[21:37:13] The Blanched Mandragora takes 2459 points of damage.
[21:37:14] (Khory) Fusion in 3 seconds
[21:37:14] The Blanched Mandragora misses Khory.
[21:37:15] ------------------------- precast -------------------------
[21:37:15] ammo Ghastly Tathlum +1
[21:37:15] head Amalric Coif
[21:37:15] neck Voltsurge Torque
[21:37:15] body Merlinic Jubbah
[21:37:15] hands Merlinic Dastanas
[21:37:15] left_ring Kishar Ring
[21:37:15] back Lugh's Cape
[21:37:15] legs Psycloth Lappas
[21:37:15] feet Merlinic Crackows
[21:37:15] ----------------------------------------------------------------
[21:37:15] ------------------------- midcast -------------------------
[21:37:15] main Bunzi's Rod
[21:37:15] sub Ammurapi Shield
[21:37:15] ammo Per. Lucky Egg
[21:37:15] head Volte Cap
[21:37:15] neck Argute Stole
[21:37:15] right_ear Friomisi Earring
[21:37:15] body Amalric Doublet +1
[21:37:15] hands Amalric Gages
[21:37:15] left_ring Freke Ring
[21:37:15] right_ring Mujin Band
[21:37:15] back Lugh's Cape
[21:37:15] waist Chaac Belt
[21:37:15] legs Agwu's Slops
[21:37:15] feet Agwu's Pigaches
[21:37:15] ----------------------------------------------------------------
[21:37:15] ------------------------- aftercast -------------------------
[21:37:15] main Bolelabunga
[21:37:15] sub Genbu's Shield
[21:37:15] ammo Staunch Tathlum +1
[21:37:15] head Acad. Mortar. +3
[21:37:15] neck Loricate Torque +1
[21:37:15] right_ear Odnowa Earring +1
[21:37:15] body Shamash Robe
[21:37:15] hands Arbatel Bracers +1
[21:37:15] left_ring Defending Ring
[21:37:15] right_ring Shneddick Ring
[21:37:15] waist Embla Sash
[21:37:15] legs Assid. Pants +1
[21:37:15] feet Nyame Sollerets
[21:37:15] ----------------------------------------------------------------
[21:37:15] The Blanched Mandragora misses Khory.
[21:37:16] Khory starts casting Thunder on the Blanched Mandragora.
[21:37:16] Records of Eminence: Deal 500+ Damage.
[21:37:16] Progress: 30/200.
[21:37:17] Khory uses Immanence.
[21:37:19] (Khory) Fusion!
[21:37:20] Time left: (0:00:09)
[21:37:20] Unable to use job ability.
[21:37:20] ------------------------- precast -------------------------
[21:37:20] ammo Ghastly Tathlum +1
[21:37:20] head Amalric Coif
[21:37:20] neck Voltsurge Torque
[21:37:20] body Merlinic Jubbah
[21:37:20] hands Merlinic Dastanas
[21:37:20] left_ring Kishar Ring
[21:37:20] back Lugh's Cape
[21:37:20] legs Psycloth Lappas
[21:37:20] feet Merlinic Crackows
[21:37:20] ----------------------------------------------------------------
[21:37:20] ------------------------- midcast -------------------------
[21:37:20] main Bunzi's Rod
[21:37:20] sub Culminus
[21:37:20] head Merlinic Hood
[21:37:20] neck Argute Stole
[21:37:20] right_ear Friomisi Earring
[21:37:20] body Amalric Doublet +1
[21:37:20] hands Amalric Gages
[21:37:20] left_ring Mallquis Ring
[21:37:20] right_ring Mujin Band
[21:37:20] back Lugh's Cape
[21:37:20] waist Sacro Cord
[21:37:20] legs Agwu's Slops
[21:37:20] feet Agwu's Pigaches
[21:37:20] ----------------------------------------------------------------
[21:37:20] The Blanched Mandragora misses Khory.
[21:37:20] Khory starts casting Pyrohelix II on the Blanched Mandragora.
[21:37:21] Khory casts Thunder.
[21:37:21] The Blanched Mandragora takes 2184 points of damage.
[21:37:22] The Blanched Mandragora misses Khory.
[21:37:22] ------------------------- aftercast -------------------------
[21:37:22] main Bolelabunga
[21:37:22] sub Genbu's Shield
[21:37:22] ammo Staunch Tathlum +1
[21:37:22] head Acad. Mortar. +3
[21:37:22] neck Loricate Torque +1
[21:37:22] right_ear Odnowa Earring +1
[21:37:22] body Shamash Robe
[21:37:22] hands Arbatel Bracers +1
[21:37:22] left_ring Defending Ring
[21:37:22] right_ring Shneddick Ring
[21:37:22] Records of Eminence: Magic Damage Kills.
[21:37:22] waist Embla Sash
[21:37:22] Progress: 7/20.
[21:37:22] legs Assid. Pants +1
[21:37:22] Records of Eminence: Vanquish Multiple Enemies I.
[21:37:22] feet Nyame Sollerets
[21:37:22] Progress: 106/200.
[21:37:22] ----------------------------------------------------------------
[21:37:24] Skillchain: Fusion.
[21:37:24] The Blanched Mandragora takes 2743 points of damage.
[21:37:25] Khory casts Pyrohelix II.
[21:37:25] Magic Burst! The Blanched Mandragora takes 8609 points of damage.
[21:37:26] Khory defeats the Blanched Mandragora.
[21:37:26] Limit chain #2!
[21:37:26] Khory gains 1087 limit points.
[21:37:26] Khory gains 578 capacity points.
[21:37:26] You find a two-leaf mandragora bud on the Blanched Mandragora.
[21:37:26] Khory obtains a two-leaf mandragora bud.
[21:37:44] A Colonization Reive has started at (H-8).
[21:38:04] (Khory) Starting SC
[21:38:05] ------------------------- precast -------------------------
[21:38:05] ammo Ghastly Tathlum +1
[21:38:05] head Amalric Coif
[21:38:05] neck Voltsurge Torque
[21:38:05] body Merlinic Jubbah
[21:38:05] hands Merlinic Dastanas
[21:38:05] left_ring Kishar Ring
[21:38:05] back Lugh's Cape
[21:38:05] legs Psycloth Lappas
[21:38:05] feet Merlinic Crackows
[21:38:05] ----------------------------------------------------------------
[21:38:05] ------------------------- midcast -------------------------
[21:38:05] main Bunzi's Rod
[21:38:05] sub Ammurapi Shield
[21:38:05] ammo Per. Lucky Egg
[21:38:05] head Volte Cap
[21:38:05] neck Argute Stole
[21:38:05] right_ear Friomisi Earring
[21:38:05] body Amalric Doublet +1
[21:38:05] hands Amalric Gages
[21:38:05] left_ring Freke Ring
[21:38:05] right_ring Mujin Band
[21:38:05] back Lugh's Cape
[21:38:05] waist Chaac Belt
[21:38:05] legs Agwu's Slops
[21:38:05] feet Agwu's Pigaches
[21:38:05] ----------------------------------------------------------------
[21:38:06] Khory starts casting Fire on the Blanched Mandragora.
[21:38:07] ------------------------- aftercast -------------------------
[21:38:07] main Bolelabunga
[21:38:07] sub Genbu's Shield
[21:38:07] ammo Staunch Tathlum +1
[21:38:07] head Acad. Mortar. +3
[21:38:07] neck Loricate Torque +1
[21:38:07] right_ear Odnowa Earring +1
[21:38:07] body Shamash Robe
[21:38:07] hands Arbatel Bracers +1
[21:38:07] left_ring Defending Ring
[21:38:07] right_ring Shneddick Ring
[21:38:07] waist Embla Sash
[21:38:07] legs Assid. Pants +1
[21:38:07] feet Nyame Sollerets
[21:38:07] ----------------------------------------------------------------
[21:38:07] Khory uses Immanence.
[21:38:09] Khory casts Fire.
[21:38:09] The Blanched Mandragora takes 2141 points of damage.
[21:38:09] (Khory) Fusion in 3 seconds
[21:38:10] The Blanched Mandragora misses Khory.
[21:38:10] ------------------------- precast -------------------------
[21:38:10] ammo Ghastly Tathlum +1
[21:38:10] head Amalric Coif
[21:38:10] neck Voltsurge Torque
[21:38:10] body Merlinic Jubbah
[21:38:10] hands Merlinic Dastanas
[21:38:10] left_ring Kishar Ring
[21:38:10] back Lugh's Cape
[21:38:10] legs Psycloth Lappas
[21:38:10] feet Merlinic Crackows
[21:38:10] ----------------------------------------------------------------
[21:38:10] ------------------------- midcast -------------------------
[21:38:10] main Bunzi's Rod
[21:38:10] sub Ammurapi Shield
[21:38:10] ammo Per. Lucky Egg
[21:38:10] head Volte Cap
[21:38:10] neck Argute Stole
[21:38:10] right_ear Friomisi Earring
[21:38:10] body Amalric Doublet +1
[21:38:10] hands Amalric Gages
[21:38:10] left_ring Freke Ring
[21:38:10] right_ring Mujin Band
[21:38:10] back Lugh's Cape
[21:38:10] waist Chaac Belt
[21:38:10] legs Agwu's Slops
[21:38:10] feet Agwu's Pigaches
[21:38:10] ----------------------------------------------------------------
[21:38:11] The Blanched Mandragora hits Khory for 14 points of damage.
[21:38:11] Khory starts casting Thunder on the Blanched Mandragora.
[21:38:12] ------------------------- aftercast -------------------------
[21:38:12] main Bolelabunga
[21:38:12] sub Genbu's Shield
[21:38:12] ammo Staunch Tathlum +1
[21:38:12] head Acad. Mortar. +3
[21:38:12] neck Loricate Torque +1
[21:38:12] right_ear Odnowa Earring +1
[21:38:12] body Shamash Robe
[21:38:12] hands Arbatel Bracers +1
[21:38:12] left_ring Defending Ring
[21:38:12] right_ring Shneddick Ring
[21:38:12] waist Embla Sash
[21:38:12] legs Assid. Pants +1
[21:38:12] feet Nyame Sollerets
[21:38:12] ----------------------------------------------------------------
[21:38:12] Khory uses Immanence.
[21:38:14] (Khory) Fusion!
[21:38:15] Time left: (0:00:20)
[21:38:15] Unable to use job ability.
[21:38:15] ------------------------- precast -------------------------
[21:38:15] ammo Ghastly Tathlum +1
[21:38:15] head Amalric Coif
[21:38:15] neck Voltsurge Torque
[21:38:15] body Merlinic Jubbah
[21:38:15] hands Merlinic Dastanas
[21:38:15] left_ring Kishar Ring
[21:38:15] back Lugh's Cape
[21:38:15] legs Psycloth Lappas
[21:38:15] feet Merlinic Crackows
[21:38:15] ----------------------------------------------------------------
[21:38:15] ------------------------- midcast -------------------------
[21:38:15] main Bunzi's Rod
[21:38:15] sub Culminus
[21:38:15] head Merlinic Hood
[21:38:15] neck Argute Stole
[21:38:15] right_ear Friomisi Earring
[21:38:15] body Amalric Doublet +1
[21:38:15] hands Amalric Gages
[21:38:15] left_ring Mallquis Ring
[21:38:15] right_ring Mujin Band
[21:38:15] back Lugh's Cape
[21:38:16] waist Sacro Cord
[21:38:16] legs Agwu's Slops
[21:38:16] feet Agwu's Pigaches
[21:38:16] ----------------------------------------------------------------
[21:38:16] The Blanched Mandragora hits Khory for 20 points of damage.
[21:38:16] Khory starts casting Pyrohelix II on the Blanched Mandragora.
[21:38:16] Khory casts Thunder.
[21:38:16] The Blanched Mandragora takes 2184 points of damage.
[21:38:17] The Blanched Mandragora misses Khory.
[21:38:18] ------------------------- aftercast -------------------------
[21:38:18] main Bolelabunga
[21:38:18] sub Genbu's Shield
[21:38:18] ammo Staunch Tathlum +1
[21:38:18] head Acad. Mortar. +3
[21:38:18] neck Loricate Torque +1
[21:38:18] right_ear Odnowa Earring +1
[21:38:18] Records of Eminence: Magic Damage Kills.
[21:38:18] body Shamash Robe
[21:38:18] Progress: 8/20.
[21:38:18] hands Arbatel Bracers +1
[21:38:18] Records of Eminence: Vanquish Multiple Enemies I.
[21:38:18] left_ring Defending Ring
[21:38:18] Progress: 107/200.
[21:38:18] right_ring Shneddick Ring
[21:38:18] waist Embla Sash
[21:38:18] legs Assid. Pants +1
[21:38:18] feet Nyame Sollerets
[21:38:18] ----------------------------------------------------------------
[21:38:20] Skillchain: Fusion.
[21:38:20] The Blanched Mandragora takes 3154 points of damage.
[21:38:21] Khory casts Pyrohelix II.
[21:38:21] Magic Burst! The Blanched Mandragora takes 8609 points of damage.
[21:38:22] Khory defeats the Blanched Mandragora.
[21:38:22] Limit chain #3!
[21:38:22] Khory gains 1131 limit points.
[21:38:22] Khory gains 578 capacity points.
[21:38:22] You find a two-leaf mandragora bud on the Blanched Mandragora.
[21:38:22] Khory obtains a two-leaf mandragora bud.
[21:38:54] ------------------------- precast -------------------------
[21:38:54] ammo Ghastly Tathlum +1
[21:38:54] head Amalric Coif
[21:38:54] neck Voltsurge Torque
[21:38:54] body Merlinic Jubbah
[21:38:54] hands Merlinic Dastanas
[21:38:54] left_ring Kishar Ring
[21:38:54] back Lugh's Cape
[21:38:54] legs Psycloth Lappas
[21:38:54] feet Merlinic Crackows
[21:38:54] ----------------------------------------------------------------
[21:38:54] ------------------------- midcast -------------------------
[21:38:54] sub Ammurapi Shield
[21:38:54] ammo Staunch Tathlum +1
[21:38:54] head Telchine Cap
[21:38:54] neck Argute Stole
[21:38:54] left_ear Lempo Earring
[21:38:54] right_ear Halasz Earring
[21:38:54] body Telchine Chas.
[21:38:54] hands Telchine Gloves
[21:38:54] left_ring Jhakri Ring
[21:38:54] right_ring Lebeche Ring
[21:38:54] back Lugh's Cape
[21:38:54] legs Telchine Braconi
[21:38:54] feet Telchine Pigaches
[21:38:54] ----------------------------------------------------------------
[21:38:54] Khory starts casting Firestorm II on Khory.
[21:38:55] ------------------------- aftercast -------------------------
[21:38:55] sub Genbu's Shield
[21:38:55] head Acad. Mortar. +3
[21:38:55] neck Loricate Torque +1
[21:38:55] left_ear Malignance Earring
[21:38:55] right_ear Odnowa Earring +1
[21:38:55] body Shamash Robe
[21:38:55] hands Arbatel Bracers +1
[21:38:55] left_ring Defending Ring
[21:38:55] right_ring Shneddick Ring
[21:38:55] legs Assid. Pants +1
[21:38:55] feet Nyame Sollerets
[21:38:55] ----------------------------------------------------------------
[21:38:58] Khory casts Firestorm II.
[21:38:58] Khory gains the effect of Firestorm.
[21:38:59] ------------------------- precast -------------------------
[21:38:59] ammo Ghastly Tathlum +1
[21:38:59] head Amalric Coif
[21:38:59] neck Voltsurge Torque
[21:38:59] body Merlinic Jubbah
[21:38:59] hands Merlinic Dastanas
[21:38:59] left_ring Kishar Ring
[21:38:59] back Lugh's Cape
[21:38:59] legs Psycloth Lappas
[21:38:59] feet Merlinic Crackows
[21:38:59] ----------------------------------------------------------------
[21:39:00] Khory starts casting Klimaform on Khory.
[21:39:01] ------------------------- aftercast -------------------------
[21:39:01] ammo Staunch Tathlum +1
[21:39:01] head Acad. Mortar. +3
[21:39:01] neck Loricate Torque +1
[21:39:01] body Shamash Robe
[21:39:01] hands Arbatel Bracers +1
[21:39:01] left_ring Defending Ring
[21:39:01] back Lugh's Cape
[21:39:01] legs Assid. Pants +1
[21:39:01] feet Nyame Sollerets
[21:39:01] ----------------------------------------------------------------
[21:39:04] Khory casts Klimaform.
[21:39:04] Khory gains the effect of Klimaform.
[21:39:10] (Khory) Starting SC
[21:39:11] ------------------------- precast -------------------------
[21:39:11] ammo Ghastly Tathlum +1
[21:39:11] head Amalric Coif
[21:39:11] neck Voltsurge Torque
[21:39:11] body Merlinic Jubbah
[21:39:11] hands Merlinic Dastanas
[21:39:11] left_ring Kishar Ring
[21:39:11] back Lugh's Cape
[21:39:11] legs Psycloth Lappas
[21:39:11] feet Merlinic Crackows
[21:39:11] ----------------------------------------------------------------
[21:39:11] ------------------------- midcast -------------------------
[21:39:11] main Bunzi's Rod
[21:39:11] sub Ammurapi Shield
[21:39:11] ammo Per. Lucky Egg
[21:39:11] head Volte Cap
[21:39:11] neck Argute Stole
[21:39:11] right_ear Friomisi Earring
[21:39:11] body Amalric Doublet +1
[21:39:11] hands Amalric Gages
[21:39:11] left_ring Freke Ring
[21:39:11] right_ring Mujin Band
[21:39:11] back Lugh's Cape
[21:39:11] waist Chaac Belt
[21:39:11] legs Agwu's Slops
[21:39:11] feet Agwu's Pigaches
[21:39:11] ----------------------------------------------------------------
[21:39:12] ------------------------- aftercast -------------------------
[21:39:12] main Bolelabunga
[21:39:12] sub Genbu's Shield
[21:39:12] ammo Staunch Tathlum +1
[21:39:12] head Acad. Mortar. +3
[21:39:12] neck Loricate Torque +1
[21:39:12] right_ear Odnowa Earring +1
[21:39:12] body Shamash Robe
[21:39:12] hands Arbatel Bracers +1
[21:39:12] left_ring Defending Ring
[21:39:12] right_ring Shneddick Ring
[21:39:12] waist Embla Sash
[21:39:12] legs Assid. Pants +1
[21:39:12] feet Nyame Sollerets
[21:39:12] ----------------------------------------------------------------
[21:39:12] Khory starts casting Fire on the Blanched Mandragora.
[21:39:14] Khory uses Immanence.
[21:39:14] Khory casts Fire.
[21:39:14] The Blanched Mandragora takes 1150 points of damage.
[21:39:15] (Khory) Fusion in 3 seconds
[21:39:16] The Blanched Mandragora misses Khory.
[21:39:16] The Blanched Mandragora hits Khory for 20 points of damage.
[21:39:16] ------------------------- precast -------------------------
[21:39:16] ammo Ghastly Tathlum +1
[21:39:16] head Amalric Coif
[21:39:16] neck Voltsurge Torque
[21:39:16] body Merlinic Jubbah
[21:39:16] hands Merlinic Dastanas
[21:39:16] left_ring Kishar Ring
[21:39:16] back Lugh's Cape
[21:39:16] legs Psycloth Lappas
[21:39:16] feet Merlinic Crackows
[21:39:16] ----------------------------------------------------------------
[21:39:16] ------------------------- midcast -------------------------
[21:39:16] main Bunzi's Rod
[21:39:16] sub Ammurapi Shield
[21:39:16] ammo Per. Lucky Egg
[21:39:16] head Volte Cap
[21:39:16] neck Argute Stole
[21:39:16] right_ear Friomisi Earring
[21:39:16] The Blanched Mandragora misses Khory.
[21:39:16] body Amalric Doublet +1
[21:39:16] hands Amalric Gages
[21:39:17] left_ring Freke Ring
[21:39:17] right_ring Mujin Band
[21:39:17] back Lugh's Cape
[21:39:17] waist Chaac Belt
[21:39:17] legs Agwu's Slops
[21:39:17] feet Agwu's Pigaches
[21:39:17] ----------------------------------------------------------------
[21:39:17] ------------------------- aftercast -------------------------
[21:39:17] main Bolelabunga
[21:39:17] sub Genbu's Shield
[21:39:17] ammo Staunch Tathlum +1
[21:39:17] head Acad. Mortar. +3
[21:39:17] neck Loricate Torque +1
[21:39:17] right_ear Odnowa Earring +1
[21:39:17] body Shamash Robe
[21:39:17] hands Arbatel Bracers +1
[21:39:17] left_ring Defending Ring
[21:39:17] right_ring Shneddick Ring
[21:39:17] waist Embla Sash
[21:39:17] legs Assid. Pants +1
[21:39:17] feet Nyame Sollerets
[21:39:17] ----------------------------------------------------------------
[21:39:17] Khory starts casting Thunder on the Blanched Mandragora.
[21:39:19] Khory uses Immanence.
[21:39:20] (Khory) Fusion!
[21:39:21] Time left: (0:00:20)
[21:39:21] Unable to use job ability.
[21:39:21] ------------------------- precast -------------------------
[21:39:21] ammo Ghastly Tathlum +1
[21:39:21] head Amalric Coif
[21:39:21] neck Voltsurge Torque
[21:39:21] body Merlinic Jubbah
[21:39:21] hands Merlinic Dastanas
[21:39:21] left_ring Kishar Ring
[21:39:21] back Lugh's Cape
[21:39:21] legs Psycloth Lappas
[21:39:21] feet Merlinic Crackows
[21:39:21] ----------------------------------------------------------------
[21:39:21] ------------------------- midcast -------------------------
[21:39:21] main Bunzi's Rod
[21:39:22] sub Culminus
[21:39:22] head Merlinic Hood
[21:39:22] neck Argute Stole
[21:39:22] right_ear Friomisi Earring
[21:39:22] body Amalric Doublet +1
[21:39:22] hands Amalric Gages
[21:39:22] left_ring Mallquis Ring
[21:39:22] right_ring Mujin Band
[21:39:22] back Lugh's Cape
[21:39:22] waist Sacro Cord
[21:39:22] legs Agwu's Slops
[21:39:22] feet Agwu's Pigaches
[21:39:22] ----------------------------------------------------------------
[21:39:22] Khory starts casting Pyrohelix II on the Blanched Mandragora.
[21:39:22] The Blanched Mandragora hits Khory for 20 points of damage.
[21:39:23] Khory casts Thunder.
[21:39:23] The Blanched Mandragora takes 2184 points of damage.
[21:39:23] The Blanched Mandragora misses Khory.
[21:39:24] ------------------------- aftercast -------------------------
[21:39:24] main Bolelabunga
[21:39:24] sub Genbu's Shield
[21:39:24] ammo Staunch Tathlum +1
[21:39:24] head Acad. Mortar. +3
[21:39:24] neck Loricate Torque +1
[21:39:24] right_ear Odnowa Earring +1
[21:39:24] body Shamash Robe
[21:39:24] Records of Eminence: Magic Damage Kills.
[21:39:24] hands Arbatel Bracers +1
[21:39:24] Progress: 9/20.
[21:39:24] left_ring Defending Ring
[21:39:24] Records of Eminence: Vanquish Multiple Enemies I.
[21:39:24] right_ring Shneddick Ring
[21:39:24] Progress: 108/200.
[21:39:24] waist Embla Sash
[21:39:24] legs Assid. Pants +1
[21:39:24] feet Nyame Sollerets
[21:39:24] ----------------------------------------------------------------
[21:39:27] Skillchain: Fusion.
[21:39:27] The Blanched Mandragora takes 2743 points of damage.
[21:39:27] Khory casts Pyrohelix II.
[21:39:27] Magic Burst! The Blanched Mandragora takes 8609 points of damage.
[21:39:28] Khory defeats the Blanched Mandragora.
[21:39:28] Limit chain #4!
[21:39:28] Khory gains 1218 limit points.
[21:39:28] Khory gains 578 capacity points.
[21:39:28] You find a two-leaf mandragora bud on the Blanched Mandragora.
[21:39:28] Khory obtains a two-leaf mandragora bud.
[21:40:14] (Khory) Starting SC
[21:40:15] ------------------------- precast -------------------------
[21:40:15] ammo Ghastly Tathlum +1
[21:40:15] head Amalric Coif
[21:40:15] neck Voltsurge Torque
[21:40:15] body Merlinic Jubbah
[21:40:15] hands Merlinic Dastanas
[21:40:15] left_ring Kishar Ring
[21:40:15] back Lugh's Cape
[21:40:15] legs Psycloth Lappas
[21:40:15] feet Merlinic Crackows
[21:40:15] ----------------------------------------------------------------
[21:40:15] ------------------------- midcast -------------------------
[21:40:15] main Bunzi's Rod
[21:40:15] sub Ammurapi Shield
[21:40:15] ammo Per. Lucky Egg
[21:40:15] head Volte Cap
[21:40:15] neck Argute Stole
[21:40:15] right_ear Friomisi Earring
[21:40:15] body Amalric Doublet +1
[21:40:15] hands Amalric Gages
[21:40:15] left_ring Freke Ring
[21:40:15] right_ring Mujin Band
[21:40:15] back Lugh's Cape
[21:40:15] waist Chaac Belt
[21:40:15] legs Agwu's Slops
[21:40:15] feet Agwu's Pigaches
[21:40:15] ----------------------------------------------------------------
[21:40:16] Khory starts casting Fire on the Blanched Mandragora.
[21:40:16] ------------------------- aftercast -------------------------
[21:40:16] main Bolelabunga
[21:40:16] sub Genbu's Shield
[21:40:16] ammo Staunch Tathlum +1
[21:40:16] Records of Eminence: Deal 500+ Damage.
[21:40:16] head Acad. Mortar. +3
[21:40:16] Progress: 40/200.
[21:40:16] neck Loricate Torque +1
[21:40:16] right_ear Odnowa Earring +1
[21:40:16] body Shamash Robe
[21:40:16] hands Arbatel Bracers +1
[21:40:16] left_ring Defending Ring
[21:40:16] right_ring Shneddick Ring
[21:40:16] waist Embla Sash
[21:40:16] legs Assid. Pants +1
[21:40:16] feet Nyame Sollerets
[21:40:16] ----------------------------------------------------------------
[21:40:17] Khory uses Immanence.
[21:40:18] Khory casts Fire.
[21:40:18] The Blanched Mandragora takes 2459 points of damage.
[21:40:19] (Khory) Fusion in 3 seconds
[21:40:20] The Blanched Mandragora misses Khory.
[21:40:20] ------------------------- precast -------------------------
[21:40:20] ammo Ghastly Tathlum +1
[21:40:20] head Amalric Coif
[21:40:20] neck Voltsurge Torque
[21:40:20] body Merlinic Jubbah
[21:40:20] hands Merlinic Dastanas
[21:40:20] left_ring Kishar Ring
[21:40:20] back Lugh's Cape
[21:40:20] legs Psycloth Lappas
[21:40:20] feet Merlinic Crackows
[21:40:20] ----------------------------------------------------------------
[21:40:20] ------------------------- midcast -------------------------
[21:40:20] main Bunzi's Rod
[21:40:20] sub Ammurapi Shield
[21:40:20] ammo Per. Lucky Egg
[21:40:20] head Volte Cap
[21:40:20] neck Argute Stole
[21:40:20] right_ear Friomisi Earring
[21:40:20] body Amalric Doublet +1
[21:40:20] hands Amalric Gages
[21:40:20] left_ring Freke Ring
[21:40:20] right_ring Mujin Band
[21:40:20] back Lugh's Cape
[21:40:20] waist Chaac Belt
[21:40:20] legs Agwu's Slops
[21:40:20] feet Agwu's Pigaches
[21:40:20] ----------------------------------------------------------------
[21:40:20] The Blanched Mandragora misses Khory.
[21:40:21] Khory starts casting Thunder on the Blanched Mandragora.
[21:40:21] ------------------------- aftercast -------------------------
[21:40:21] main Bolelabunga
[21:40:21] sub Genbu's Shield
[21:40:21] ammo Staunch Tathlum +1
[21:40:21] head Acad. Mortar. +3
[21:40:21] neck Loricate Torque +1
[21:40:21] right_ear Odnowa Earring +1
[21:40:21] body Shamash Robe
[21:40:21] hands Arbatel Bracers +1
[21:40:21] left_ring Defending Ring
[21:40:21] right_ring Shneddick Ring
[21:40:21] waist Embla Sash
[21:40:21] legs Assid. Pants +1
[21:40:21] feet Nyame Sollerets
[21:40:21] ----------------------------------------------------------------
[21:40:22] Khory uses Immanence.
[21:40:24] (Khory) Fusion!
[21:40:25] Time left: (0:00:22)
[21:40:25] Unable to use job ability.
[21:40:25] ------------------------- precast -------------------------
[21:40:25] ammo Ghastly Tathlum +1
[21:40:25] head Amalric Coif
[21:40:25] neck Voltsurge Torque
[21:40:25] body Merlinic Jubbah
[21:40:25] hands Merlinic Dastanas
[21:40:25] left_ring Kishar Ring
[21:40:25] back Lugh's Cape
[21:40:25] legs Psycloth Lappas
[21:40:25] feet Merlinic Crackows
[21:40:25] ----------------------------------------------------------------
[21:40:25] ------------------------- midcast -------------------------
[21:40:25] main Bunzi's Rod
[21:40:25] sub Culminus
[21:40:25] head Merlinic Hood
[21:40:25] neck Argute Stole
[21:40:25] right_ear Friomisi Earring
[21:40:25] body Amalric Doublet +1
[21:40:25] hands Amalric Gages
[21:40:25] left_ring Mallquis Ring
[21:40:25] right_ring Mujin Band
[21:40:25] back Lugh's Cape
[21:40:25] waist Sacro Cord
[21:40:25] legs Agwu's Slops
[21:40:25] feet Agwu's Pigaches
[21:40:25] ----------------------------------------------------------------
[21:40:26] The Blanched Mandragora misses Khory.
[21:40:26] Khory starts casting Pyrohelix II on the Blanched Mandragora.
[21:40:26] Khory casts Thunder.
[21:40:26] The Blanched Mandragora takes 2184 points of damage.
[21:40:27] The Blanched Mandragora hits Khory for 8 points of damage.
[21:40:27] ------------------------- aftercast -------------------------
[21:40:27] main Bolelabunga
[21:40:27] sub Genbu's Shield
[21:40:27] ammo Staunch Tathlum +1
[21:40:27] head Acad. Mortar. +3
[21:40:27] neck Loricate Torque +1
[21:40:27] Records of Eminence: Magic Damage Kills.
[21:40:27] right_ear Odnowa Earring +1
[21:40:27] Progress: 10/20.
[21:40:27] body Shamash Robe
[21:40:27] Records of Eminence: Vanquish Multiple Enemies I.
[21:40:27] hands Arbatel Bracers +1
[21:40:27] Progress: 109/200.
[21:40:27] left_ring Defending Ring
[21:40:27] right_ring Shneddick Ring
[21:40:27] waist Embla Sash
[21:40:27] legs Assid. Pants +1
[21:40:27] feet Nyame Sollerets
[21:40:27] ----------------------------------------------------------------
[21:40:29] Skillchain: Fusion.
[21:40:29] The Blanched Mandragora takes 2743 points of damage.
[21:40:30] Khory casts Pyrohelix II.
[21:40:30] Magic Burst! The Blanched Mandragora takes 8609 points of damage.
[21:40:31] Khory defeats the Blanched Mandragora.
[21:40:31] Limit chain #5!
[21:40:31] Khory gains 1305 limit points.
[21:40:31] Khory gains potpourri for a total of 28232!
[21:40:31] Khory gains 578 capacity points.
[21:41:19] (Khory) Starting SC
[21:41:20] ------------------------- precast -------------------------
[21:41:20] ammo Ghastly Tathlum +1
[21:41:20] head Amalric Coif
[21:41:20] neck Voltsurge Torque
[21:41:20] body Merlinic Jubbah
[21:41:20] hands Merlinic Dastanas
[21:41:20] left_ring Kishar Ring
[21:41:20] back Lugh's Cape
[21:41:20] legs Psycloth Lappas
[21:41:20] feet Merlinic Crackows
[21:41:20] ----------------------------------------------------------------
[21:41:20] ------------------------- midcast -------------------------
[21:41:20] main Bunzi's Rod
[21:41:20] sub Ammurapi Shield
[21:41:20] ammo Per. Lucky Egg
[21:41:20] head Volte Cap
[21:41:20] neck Argute Stole
[21:41:20] right_ear Friomisi Earring
[21:41:20] body Amalric Doublet +1
[21:41:20] hands Amalric Gages
[21:41:20] left_ring Freke Ring
[21:41:20] right_ring Mujin Band
[21:41:20] back Lugh's Cape
[21:41:20] waist Chaac Belt
[21:41:20] legs Agwu's Slops
[21:41:20] feet Agwu's Pigaches
[21:41:20] ----------------------------------------------------------------
[21:41:21] Khory starts casting Fire on the Blanched Mandragora.
[21:41:21] ------------------------- aftercast -------------------------
[21:41:21] main Bolelabunga
[21:41:21] sub Genbu's Shield
[21:41:21] ammo Staunch Tathlum +1
[21:41:21] head Acad. Mortar. +3
[21:41:21] neck Loricate Torque +1
[21:41:21] right_ear Odnowa Earring +1
[21:41:21] body Shamash Robe
[21:41:21] hands Arbatel Bracers +1
[21:41:21] left_ring Defending Ring
[21:41:21] right_ring Shneddick Ring
[21:41:21] waist Embla Sash
[21:41:21] legs Assid. Pants +1
[21:41:21] feet Nyame Sollerets
[21:41:21] ----------------------------------------------------------------
[21:41:22] Khory uses Immanence.
[21:41:23] Khory casts Fire.
[21:41:23] The Blanched Mandragora takes 1926 points of damage.
[21:41:24] (Khory) Fusion in 3 seconds
[21:41:25] The Blanched Mandragora misses Khory.
[21:41:25] ------------------------- precast -------------------------
[21:41:25] ammo Ghastly Tathlum +1
[21:41:25] head Amalric Coif
[21:41:25] neck Voltsurge Torque
[21:41:25] body Merlinic Jubbah
[21:41:25] hands Merlinic Dastanas
[21:41:25] left_ring Kishar Ring
[21:41:25] back Lugh's Cape
[21:41:25] legs Psycloth Lappas
[21:41:25] feet Merlinic Crackows
[21:41:25] ----------------------------------------------------------------
[21:41:25] ------------------------- midcast -------------------------
[21:41:25] main Bunzi's Rod
[21:41:25] sub Ammurapi Shield
[21:41:25] ammo Per. Lucky Egg
[21:41:25] head Volte Cap
[21:41:25] neck Argute Stole
[21:41:25] right_ear Friomisi Earring
[21:41:25] body Amalric Doublet +1
[21:41:25] hands Amalric Gages
[21:41:25] left_ring Freke Ring
[21:41:25] right_ring Mujin Band
[21:41:25] back Lugh's Cape
[21:41:25] waist Chaac Belt
[21:41:25] legs Agwu's Slops
[21:41:25] feet Agwu's Pigaches
[21:41:25] ----------------------------------------------------------------
[21:41:26] The Blanched Mandragora misses Khory.
[21:41:26] Khory starts casting Thunder on the Blanched Mandragora.
[21:41:27] ------------------------- aftercast -------------------------
[21:41:27] main Bolelabunga
[21:41:27] sub Genbu's Shield
[21:41:27] ammo Staunch Tathlum +1
[21:41:27] head Acad. Mortar. +3
[21:41:27] neck Loricate Torque +1
[21:41:27] right_ear Odnowa Earring +1
[21:41:27] body Shamash Robe
[21:41:27] hands Arbatel Bracers +1
[21:41:27] left_ring Defending Ring
[21:41:27] right_ring Shneddick Ring
[21:41:27] waist Embla Sash
[21:41:27] legs Assid. Pants +1
[21:41:27] Khory uses Immanence.
[21:41:27] feet Nyame Sollerets
[21:41:27] ----------------------------------------------------------------
[21:41:29] (Khory) Fusion!
[21:41:30] Time left: (0:00:23)
[21:41:30] Unable to use job ability.
[21:41:30] ------------------------- precast -------------------------
[21:41:30] ammo Ghastly Tathlum +1
[21:41:30] head Amalric Coif
[21:41:30] neck Voltsurge Torque
[21:41:30] body Merlinic Jubbah
[21:41:30] hands Merlinic Dastanas
[21:41:30] left_ring Kishar Ring
[21:41:30] back Lugh's Cape
[21:41:30] legs Psycloth Lappas
[21:41:30] feet Merlinic Crackows
[21:41:30] ----------------------------------------------------------------
[21:41:30] ------------------------- midcast -------------------------
[21:41:30] main Bunzi's Rod
[21:41:30] sub Culminus
[21:41:30] head Merlinic Hood
[21:41:30] neck Argute Stole
[21:41:30] right_ear Friomisi Earring
[21:41:30] body Amalric Doublet +1
[21:41:30] hands Amalric Gages
[21:41:30] left_ring Mallquis Ring
[21:41:30] right_ring Mujin Band
[21:41:30] back Lugh's Cape
[21:41:30] waist Sacro Cord
[21:41:30] legs Agwu's Slops
[21:41:30] feet Agwu's Pigaches
[21:41:30] ----------------------------------------------------------------
[21:41:31] Khory starts casting Pyrohelix II on the Blanched Mandragora.
[21:41:31] The Blanched Mandragora misses Khory.
[21:41:32] Khory casts Thunder.
[21:41:32] The Blanched Mandragora takes 2184 points of damage.
[21:41:32] The Blanched Mandragora misses Khory.
[21:41:33] ------------------------- aftercast -------------------------
[21:41:33] main Bolelabunga
[21:41:33] sub Genbu's Shield
[21:41:33] ammo Staunch Tathlum +1
[21:41:33] head Acad. Mortar. +3
[21:41:33] neck Loricate Torque +1
[21:41:33] right_ear Odnowa Earring +1
[21:41:33] body Shamash Robe
[21:41:33] hands Arbatel Bracers +1
[21:41:33] left_ring Defending Ring
[21:41:33] Records of Eminence: Magic Damage Kills.
[21:41:33] right_ring Shneddick Ring
[21:41:33] Progress: 11/20.
[21:41:33] waist Embla Sash
[21:41:33] Records of Eminence: Vanquish Multiple Enemies I.
[21:41:33] legs Assid. Pants +1
[21:41:33] Progress: 110/200.
[21:41:33] feet Nyame Sollerets
[21:41:33] ----------------------------------------------------------------
[21:41:35] Skillchain: Fusion.
[21:41:35] The Blanched Mandragora takes 3429 points of damage.
[21:41:36] Khory casts Pyrohelix II.
[21:41:36] Magic Burst! The Blanched Mandragora takes 8609 points of damage.
[21:41:37] Khory defeats the Blanched Mandragora.
[21:41:37] Khory gains 870 limit points.
[21:41:37] Khory gains 578 capacity points.
[21:41:37] You find a two-leaf mandragora bud on the Blanched Mandragora.
[21:41:37] Khory obtains a two-leaf mandragora bud.
[21:42:26] (Khory) Starting SC
[21:42:27] ------------------------- precast -------------------------
[21:42:27] ammo Ghastly Tathlum +1
[21:42:27] head Amalric Coif
[21:42:27] neck Voltsurge Torque
[21:42:27] body Merlinic Jubbah
[21:42:27] hands Merlinic Dastanas
[21:42:27] left_ring Kishar Ring
[21:42:27] back Lugh's Cape
[21:42:27] legs Psycloth Lappas
[21:42:27] feet Merlinic Crackows
[21:42:27] ----------------------------------------------------------------
[21:42:27] ------------------------- midcast -------------------------
[21:42:27] main Bunzi's Rod
[21:42:27] sub Ammurapi Shield
[21:42:27] ammo Per. Lucky Egg
[21:42:27] head Volte Cap
[21:42:27] neck Argute Stole
[21:42:27] right_ear Friomisi Earring
[21:42:27] body Amalric Doublet +1
[21:42:27] hands Amalric Gages
[21:42:27] left_ring Freke Ring
[21:42:27] right_ring Mujin Band
[21:42:27] back Lugh's Cape
[21:42:27] waist Chaac Belt
[21:42:27] legs Agwu's Slops
[21:42:27] feet Agwu's Pigaches
[21:42:27] ----------------------------------------------------------------
[21:42:28] Khory starts casting Fire on the Blanched Mandragora.
[21:42:28] ------------------------- aftercast -------------------------
[21:42:28] main Bolelabunga
[21:42:28] sub Genbu's Shield
[21:42:28] ammo Staunch Tathlum +1
[21:42:28] head Acad. Mortar. +3
[21:42:28] neck Loricate Torque +1
[21:42:28] right_ear Odnowa Earring +1
[21:42:28] body Shamash Robe
[21:42:28] hands Arbatel Bracers +1
[21:42:28] left_ring Defending Ring
[21:42:28] right_ring Shneddick Ring
[21:42:28] waist Embla Sash
[21:42:28] legs Assid. Pants +1
[21:42:28] feet Nyame Sollerets
[21:42:28] ----------------------------------------------------------------
[21:42:29] Khory uses Immanence.
[21:42:30] Khory casts Fire.
[21:42:30] The Blanched Mandragora takes 1926 points of damage.
[21:42:31] (Khory) Fusion in 3 seconds
[21:42:32] ------------------------- precast -------------------------
[21:42:32] ammo Ghastly Tathlum +1
[21:42:32] head Amalric Coif
[21:42:32] neck Voltsurge Torque
[21:42:32] body Merlinic Jubbah
[21:42:32] hands Merlinic Dastanas
[21:42:32] left_ring Kishar Ring
[21:42:32] back Lugh's Cape
[21:42:32] legs Psycloth Lappas
[21:42:32] feet Merlinic Crackows
[21:42:32] ----------------------------------------------------------------
[21:42:32] ------------------------- midcast -------------------------
[21:42:32] main Bunzi's Rod
[21:42:32] sub Ammurapi Shield
[21:42:32] ammo Per. Lucky Egg
[21:42:32] head Volte Cap
[21:42:32] neck Argute Stole
[21:42:32] right_ear Friomisi Earring
[21:42:32] body Amalric Doublet +1
[21:42:32] hands Amalric Gages
[21:42:32] The Blanched Mandragora misses Khory.
[21:42:32] left_ring Freke Ring
[21:42:32] right_ring Mujin Band
[21:42:32] back Lugh's Cape
[21:42:32] waist Chaac Belt
[21:42:32] legs Agwu's Slops
[21:42:32] feet Agwu's Pigaches
[21:42:32] ----------------------------------------------------------------
[21:42:33] Khory starts casting Thunder on the Blanched Mandragora.
[21:42:33] The Blanched Mandragora misses Khory.
[21:42:33] ------------------------- aftercast -------------------------
[21:42:33] main Bolelabunga
[21:42:33] sub Genbu's Shield
[21:42:33] ammo Staunch Tathlum +1
[21:42:33] head Acad. Mortar. +3
[21:42:33] neck Loricate Torque +1
[21:42:33] Records of Eminence: Deal 500+ Damage.
[21:42:33] right_ear Odnowa Earring +1
[21:42:33] Progress: 50/200.
[21:42:33] body Shamash Robe
[21:42:33] hands Arbatel Bracers +1
[21:42:33] left_ring Defending Ring
[21:42:33] right_ring Shneddick Ring
[21:42:33] waist Embla Sash
[21:42:33] legs Assid. Pants +1
[21:42:33] feet Nyame Sollerets
[21:42:33] ----------------------------------------------------------------
[21:42:34] Khory uses Immanence.
[21:42:36] (Khory) Fusion!
[21:42:37] Time left: (0:00:22)
[21:42:37] Unable to use job ability.
[21:42:37] ------------------------- precast -------------------------
[21:42:37] ammo Ghastly Tathlum +1
[21:42:37] head Amalric Coif
[21:42:37] neck Voltsurge Torque
[21:42:37] body Merlinic Jubbah
[21:42:37] hands Merlinic Dastanas
[21:42:37] left_ring Kishar Ring
[21:42:37] back Lugh's Cape
[21:42:37] legs Psycloth Lappas
[21:42:37] feet Merlinic Crackows
[21:42:37] ----------------------------------------------------------------
[21:42:37] ------------------------- midcast -------------------------
[21:42:37] main Bunzi's Rod
[21:42:37] sub Culminus
[21:42:37] head Merlinic Hood
[21:42:37] neck Argute Stole
[21:42:37] right_ear Friomisi Earring
[21:42:37] body Amalric Doublet +1
[21:42:37] hands Amalric Gages
[21:42:37] left_ring Mallquis Ring
[21:42:37] right_ring Mujin Band
[21:42:37] back Lugh's Cape
[21:42:37] waist Sacro Cord
[21:42:37] legs Agwu's Slops
[21:42:37] feet Agwu's Pigaches
[21:42:37] ----------------------------------------------------------------
[21:42:38] The Blanched Mandragora hits Khory for 10 points of damage.
[21:42:38] Khory casts Thunder.
[21:42:38] The Blanched Mandragora takes 2184 points of damage.
[21:42:38] Khory starts casting Pyrohelix II on the Blanched Mandragora.
[21:42:39] The Blanched Mandragora misses Khory.
[21:42:39] ------------------------- aftercast -------------------------
[21:42:39] main Bolelabunga
[21:42:39] sub Genbu's Shield
[21:42:39] ammo Staunch Tathlum +1
[21:42:39] head Acad. Mortar. +3
[21:42:39] neck Loricate Torque +1
[21:42:39] right_ear Odnowa Earring +1
[21:42:39] body Shamash Robe
[21:42:39] hands Arbatel Bracers +1
[21:42:39] left_ring Defending Ring
[21:42:39] Records of Eminence: Magic Damage Kills.
[21:42:39] right_ring Shneddick Ring
[21:42:39] Progress: 12/20.
[21:42:39] waist Embla Sash
[21:42:39] Records of Eminence: Vanquish Multiple Enemies I.
[21:42:39] legs Assid. Pants +1
[21:42:39] Progress: 111/200.
[21:42:39] feet Nyame Sollerets
[21:42:39] ----------------------------------------------------------------
[21:42:42] Skillchain: Fusion.
[21:42:42] The Blanched Mandragora takes 2743 points of damage.
[21:42:42] Khory casts Pyrohelix II.
[21:42:42] Magic Burst! The Blanched Mandragora takes 8609 points of damage.
[21:42:43] Khory defeats the Blanched Mandragora.
[21:42:43] Limit chain #1!
[21:42:43] Khory gains 1044 limit points.
[21:42:43] Khory gains 578 capacity points.
[21:42:43] You find a High Kindred's crest on the Blanched Mandragora.
[21:42:43] Khory obtains a High Kindred's crest.
[21:42:56] You throw away 5 two-leaf mandragora buds.
[21:43:29] === Area: Western Adoulin ===
Zenicca : Need help making your Mog Garden the greatest around? Then I'm the one to ask!
[21:43:46] Zenicca : Need help making your Mog Garden the greatest around? Then I'm the one to ask!
[21:43:46] Zenicca : Need help making your Mog Garden the greatest around? Then I'm the one to ask!
[21:44:33] The total transaction fee for a set of 12 items is 799 gil.
[21:44:35] Merchandise placed on auction.
[21:44:35] If merchandise remains unsold after 30 weeks (Vana'diel time), it will be returned to your current residence.
[21:44:35] If a successful bid is made, the proceeds from the sale will be delivered to your current residence.
[21:44:35] Signed items will lose their signature after being purchased.
[21:44:45] Khory's Regen effect wears off.
[21:45:24] Seriousjay Poke Jimmydajuice in D eyes
[21:46:50] Nohohh[BastokMark]: Outer Ra'Kaznar Bat 500CP/3 M Tachi: Jinpu+Idris Do you need it? /tell
[21:47:36] {Yoran-Oran} Our field researchers have sent a report-ethy from H-9 in Escha - Ru'Aun. Apparently, monsters affiliated with Naga Raja have arrived there. Those guys are always getting themselves into trouble.
[21:48:11] {Tanger} Hello!
[21:48:24] {Gondar} .
[21:48:35] {Marlborokid} hello
[21:48:56] {Gondar} Hello!
[21:49:00] Caiusx[RuLudeGard]: Dynamis - Jeuno RP farm Do you need it? /tell GEO
[21:49:02] {Yoran-Oran} Our field researchers in Escha - Ru'Aun have reported that Naga Raja has appeared around H-9. What a rare research-ethy opportunity!
[21:49:22] Katyuzka[Rabao]: mboze Looking for members. cor /tell
[21:50:06] Caiusx[RuLudeGard]: Dynamis - Jeuno RP farm Do you need it? /tell GEO
[21:50:15] {Yoran-Oran} Excellent! The Naga Raja specimen from Escha - Ru'Aun has been successfully defeated-ethy!
[21:50:15] {Yoran-Oran} Hmm... Let's see how our research is progressing! We've defeated-ethy 14493 monsters in a row, bringing our total to 60975 monsters...
[21:50:16] Katyuzka[Rabao]:  ody t3 mboze Looking for members. cor /tell
A home point can be set as a spot for you to return to Vana'diel when you have been knocked out. You can also use a home point to teleport to other home points.
[21:51:23] A home point can be set as a spot for you to return to Vana'diel when you have been knocked out. You can also use a home point to teleport to other home points.
[21:51:23] A home point can be set as a spot for you to return to Vana'diel when you have been knocked out. You can also use a home point to teleport to other home points.
You may teleport from here to any other home point you have registered.
[21:51:24] You may teleport from here to any other home point you have registered.
[21:51:24] You may teleport from here to any other home point you have registered.
It costs 100 gil to teleport to Home Point #2 in Port Jeuno.
[21:51:31] It costs 100 gil to teleport to Home Point #2 in Port Jeuno.
[21:51:31] It costs 100 gil to teleport to Home Point #2 in Port Jeuno.
[21:51:42] === Area: Port Jeuno ===
[21:51:50] Nohohh[BastokMark]: Outer Ra'Kaznar Bat 500CP/3 M Tachi: Jinpu+Idris Do you need it? /tell
[21:51:52] This area is currently affected by the Super Kupower: Myriad Mystery Boxes!
[21:51:52] This area is currently affected by the Super Kupower: Dilatory Digestion!
[21:51:52] This area is currently affected by the Super Kupower: Boundary Buster!
[21:52:04] Katyuzka[Rabao]:  ody t3 mboze Looking for members. cor /tell
[21:53:56] Zackius[Mhaura]: Bazaar sale  Alexandrite Mulcibar's Scoria Umbral Marrow H-P Bayld Pluton  (H-8)
[21:54:16] Rankyaku[Rabao]: LFM 3x Odyssey t1 v5 - BRD RNG RDM or GEO - PST
[21:54:29] {Yoran-Oran} The Rhinostery field researchers in Reisenjima have reported-ethy some unusual data around ?-?. They think Quetzalcoatl could show up there within 10 minutes.
[21:56:12] Rankyaku[Rabao]: LFM x3 Odyssey T1 v5 - BRD COR GEO - PST
[21:56:36] Ruffi[SSandOria]: im gonna unity warp to Den of Rancor can some1 give me Home Point#1 plz?
[21:56:50] Nohohh[BastokMark]: Outer Ra'Kaznar Bat 500CP/3 M Tachi: Jinpu+Idris Do you need it? /tell
[21:57:50] Kaostrafy[PortJeuno]: WTB Gandring 50 mil Please assist. /tell
[21:58:08] Ruffi[SSandOria]: im gonna unity warp to Den of Rancor can some1 give me Home Point#1 plz? pst
[21:58:31] Saviorself[RuLudeGard]: Dynamis - Jeuno[D] Wave 3 Clear Looking for members. RDM (Can land debuffs np) /tell
[21:58:47] Ruffi[SSandOria]: yes
[21:58:53] {Yoran-Oran} Our field researchers have sent a report-ethy from ?-? in Reisenjima. Apparently, monsters affiliated with Quetzalcoatl have arrived there. Those guys are always getting themselves into trouble.
[21:58:54] Slania[PSandOria]: social and/or endgame Linkshell Can I have it?
[21:59:56] Rankyaku[Rabao]: LFM x3 Odyssey T1 V5 NM's - BRD RDM GEO or COR - PST
[22:00:21] {Yoran-Oran} Our field researchers in Reisenjima have reported that Quetzalcoatl has appeared around ?-?. What a rare research-ethy opportunity!
[22:01:50] Nohohh[BastokMark]: Outer Ra'Kaznar Bat 500CP/3 M Tachi: Jinpu+Idris Do you need it? /tell
[22:01:54] {Yoran-Oran} Excellent! The Quetzalcoatl specimen from Reisenjima has been successfully defeated-ethy!
[22:01:54] {Yoran-Oran} Hmm... Let's see how our research is progressing! We've defeated-ethy 14494 monsters in a row, bringing our total to 60976 monsters...
[22:02:41] {Yoran-Oran} The Rhinostery field researchers in Escha - Zi'Tah have reported-ethy some unusual data around H-8. They think Azi Dahaka could show up there within 10 minutes.
[22:03:32] Secree[RuLudeGard]: anyone bored and would like to help me finish ROV last fight -_-;
[22:06:50] Nohohh[BastokMark]: Outer Ra'Kaznar Bat 500CP/3 M Tachi: Jinpu+Idris Do you need it? /tell
[22:08:21] {Yoran-Oran} Our field researchers have sent a report-ethy from H-8 in Escha - Zi'Tah. Apparently, monsters affiliated with Azi Dahaka have arrived there. Those guys are always getting themselves into trouble.
[22:08:55] {Rhoe} .
[22:09:46] {Yoran-Oran} Our field researchers in Escha - Zi'Tah have reported that Azi Dahaka has appeared around H-8. What a rare research-ethy opportunity!
[22:09:47] Zyana[WestAdoulin]: Ballista 60 cap Pashhow Marshlands Today Looking for members. please Gather together. @18:00
[22:10:15] {Ujhbn} Hello!
[22:10:30] Hellrider[EastAdoulin]: Ou pop Do you need it? 5 mil
[22:11:14] {Yoran-Oran} Excellent! The Azi Dahaka specimen from Escha - Zi'Tah has been successfully defeated-ethy!
[22:11:14] {Yoran-Oran} Hmm... Let's see how our research is progressing! We've defeated-ethy 14495 monsters in a row, bringing our total to 60977 monsters...
[22:11:28] Zyana[WestAdoulin]: Ballista 60 cap Pashhow Marshlands Today Looking for members. please Gather together. @18:00
[22:11:30] [1]<Misono> yo
[22:11:42] [1]<Galnoth> yo
[22:11:45] {Lonair} .
[22:11:50] Nohohh[BastokMark]: Outer Ra'Kaznar Bat 500CP/3 M Tachi: Jinpu+Idris Do you need it? /tell
[22:12:18] [1]<Misono> we doing anything tonight
[22:12:32] Zyana[WestAdoulin]: Ballista 60 cap Pashhow Marshlands Today Looking for members. please Gather together. @18:00
[22:13:09] {Yoran-Oran} The Rhinostery field researchers in Escha - Ru'Aun have reported-ethy some unusual data around H-9. They think Naga Raja could show up there within 10 minutes.
[22:14:51] Hellrider[EastAdoulin]: Ou pop Do you need it? 5 mil
[22:15:18] {Ulosulo} Hello!
[22:15:51] Drakehart[Mhaura]: Dynamis D AF+3 Unlock hands or legs Can I have it? Sell? PST
[22:16:47] {Snoowrein} .
[22:16:50] Nohohh[BastokMark]: Outer Ra'Kaznar Bat 500CP/3 M Tachi: Jinpu+Idris Do you need it? /tell
[22:16:52] Zyana[BastokMark]: Ballista 60 cap Pashhow Marshlands Today Looking for members. please Gather together. @18:00
[22:18:08] Zyana[PortBastok]: Ballista 60 cap Pashhow Marshlands Today Looking for members. please Gather together. @18:00
[22:18:59] Buukki[Rabao]: Odyssey Sheol C -- Looking for members. COR 5/6 /tell
[22:19:45] {Yoran-Oran} Our field researchers have sent a report-ethy from H-9 in Escha - Ru'Aun. Apparently, monsters affiliated with Naga Raja have arrived there. Those guys are always getting themselves into trouble.
[22:20:49] Canabiquitous[EastAdoulin]: OdysseyT4 Bumba Looking for members. PLD WHM COR /tell please
[22:21:41] {Yoran-Oran} Our field researchers in Escha - Ru'Aun have reported that Naga Raja has appeared around H-9. What a rare research-ethy opportunity!
[22:21:50] Nohohh[BastokMark]: Outer Ra'Kaznar Bat 500CP/3 M Tachi: Jinpu+Idris Do you need it? /tell
[22:21:56] Jimimia[RuLudeGard]: lilith E head body hand
[22:23:05] {Yoran-Oran} Excellent! The Naga Raja specimen from Escha - Ru'Aun has been successfully defeated-ethy!
[22:23:05] {Yoran-Oran} Hmm... Let's see how our research is progressing! We've defeated-ethy 14496 monsters in a row, bringing our total to 60978 monsters...
[22:23:07] Zyana[PortBastok]: Ballista 60 cap Pashhow Marshlands Today Looking for members. please Gather together. @18:00
[22:23:38] Canabiquitous[EastAdoulin]: OdysseyT4 Bumba Looking for members. PLD WHM COR /tell please
[22:24:14] Zyana[PortBastok]: Ballista 60 cap pvp Matchmaking Today Area Pashhow Marshlands ALL Ballista license Member please Gather together.
[22:25:30] Canabiquitous[EastAdoulin]: OdysseyT4 Bumba Looking for members. COR or RDM /tell please
[22:25:37] Msmdl[Mhaura]: Ambuscade one VD Do you need it?  REMA BRD Can I have it? tell please
[22:25:44] Zyana[PortBastok]: Ballista 60 cap pvp Pashhow Marshlands Today Looking for members. please Gather together.
[22:26:26] Msmdl[Mhaura]: Ambuscade one VD Do you need it?  REMA BRD Can I have it? tell please
[22:26:29] {Yoran-Oran} The Rhinostery field researchers in Reisenjima have reported-ethy some unusual data around ?-?. They think Quetzalcoatl could show up there within 10 minutes.
[22:26:33] Zyana[PortBastok]: Ballista 60 cap pvp Pashhow Marshlands Today Looking for members. please Gather together.
[22:26:51] Nohohh[BastokMark]: Outer Ra'Kaznar Bat 500CP/3 M Tachi: Jinpu+Idris Do you need it? /tell
[22:26:54] Katyuzka[Rabao]: ngai Looking for members. mnk /tell
[22:27:09] Canabiquitous[Rabao]: OdysseyT4 Bumba Looking for members. COR or RDM /tell please
[22:27:10] Zyana[PortBastok]: Ballista 60 cap Pashhow Marshlands Today please /sea all ballista WE NEED ONE MORE PLAYER FOR PVP PLEASE!!
[22:27:25] Msmdl[Mhaura]: Ambuscade one VD Do you need it?  REMA DD Can I have it? tell please
[22:27:27] Katyuzka[Rabao]: ngai Looking for members. mnk or tank /tell
[22:28:14] Katyuzka[Rabao]: t3 odyssey ngai Looking for members. mnk or tank /tell
[22:28:22] Canabiquitous[Rabao]: OdysseyT4 Bumba Looking for members. COR or RDM /tell please
[22:29:54] >>Msmdl : still need people? I can do war
[22:29:59] {Yoran-Oran} I trust that I'm not mistaken in deducing from our current ranking that we're all just saving our energy-ethy for the final sprint? That is the plan, right?
[22:30:04] Msmdl>> full sorry
[22:30:33] Canabiquitous[Rabao]: T4 Odyssey Bumba Looking for members. WHM or RDM /tell please
[22:31:29] Osyaris[BastokMark]: Heavy Metal plates Do you have it? Sell? /t Osyaris
[22:31:29] Rymann[RuLudeGard]:  event LS Omen M/F Dyna We/Sa 7:30est LFM allJobs 
[22:31:50] Nohohh[BastokMark]: Outer Ra'Kaznar Bat 500CP/3 M Tachi: Jinpu+Idris Do you need it? /tell
[22:31:53] {Yoran-Oran} Our field researchers have sent a report-ethy from ?-? in Reisenjima. Apparently, monsters affiliated with Quetzalcoatl have arrived there. Those guys are always getting themselves into trouble.
[22:32:16] Kerk[Mhaura]: Dynamis - San d'Oria D Mid boss AF+3 unlock Looking for members.
[22:33:06] Kerk[Mhaura]: Dynamis - San d'Oria D Mid boss AF+3 unlock Looking for members.
[22:33:12] Bakerboy[Rabao]: V15 Bumba Can I have it? REMA Bard with access You can have this.
[22:33:26] {Yoran-Oran} Our field researchers in Reisenjima have reported that Quetzalcoatl has appeared around ?-?. What a rare research-ethy opportunity!
[22:33:39] Rymann[RuLudeGard]:  event LS Omen M/F Dyna We/Sa 7:30est LFM allJobs 
[22:34:53] {Yoran-Oran} Excellent! The Quetzalcoatl specimen from Reisenjima has been successfully defeated-ethy!
[22:34:53] {Yoran-Oran} Hmm... Let's see how our research is progressing! We've defeated-ethy 14497 monsters in a row, bringing our total to 60979 monsters...
[22:36:50] Nohohh[BastokMark]: Outer Ra'Kaznar Bat 500CP/3 M Tachi: Jinpu+Idris Do you need it? /tell
[22:36:53] Rymann[RuLudeGard]:  event LS Omen M/F Dyna We/Sa 7:30est LFM allJobs 
[22:37:21] {Yoran-Oran} The Rhinostery field researchers in Escha - Zi'Tah have reported-ethy some unusual data around H-8. They think Azi Dahaka could show up there within 10 minutes.
[22:37:22] Darksir examines you.
[22:37:23] Darksir begins to browse the merchandise in your bazaar.
[22:37:38] Darksir leaves your bazaar.
[22:38:40] [1]<Cantidosama> Hello! I'm back!
[22:38:41] [1]<Disastaru> /wave
[22:38:50] [1]<Lohian> wb
[22:38:50] [1]<Cantidosama> Thank you.
[22:39:04] [1]<Obviousagent> whats up dt havent heared anything from boobs or est so i dont think we are goin 
[22:39:48] Onepunchtaru examines you.
[22:39:50] Onepunchtaru begins to browse the merchandise in your bazaar.
[22:39:55] Onepunchtaru leaves your bazaar.
[22:40:09] [1]<Cantidosama> :(
[22:41:23] Neovivi examines you.
[22:41:24] Neovivi begins to browse the merchandise in your bazaar.
[22:41:28] Neovivi leaves your bazaar.
[22:41:50] Nohohh[BastokMark]: Outer Ra'Kaznar Bat 500CP/3 M Tachi: Jinpu+Idris Do you need it? /tell
[22:42:19] {Yoran-Oran} Our field researchers have sent a report-ethy from H-8 in Escha - Zi'Tah. Apparently, monsters affiliated with Azi Dahaka have arrived there. Those guys are always getting themselves into trouble.
[22:43:53] {Yoran-Oran} Our field researchers in Escha - Zi'Tah have reported that Azi Dahaka has appeared around H-8. What a rare research-ethy opportunity!
[22:44:05] {Mayalily} `
[22:45:20] Ihatethizzle examines you.
[22:45:21] Ihatethizzle begins to browse the merchandise in your bazaar.
[22:45:24] Ihatethizzle leaves your bazaar.
[22:45:51] {Yoran-Oran} Excellent! The Azi Dahaka specimen from Escha - Zi'Tah has been successfully defeated-ethy!
[22:45:51] {Yoran-Oran} Hmm... Let's see how our research is progressing! We've defeated-ethy 14498 monsters in a row, bringing our total to 60980 monsters...
[22:46:13] [1]<Cantidosama> you get that KI when you finish the shield Galnoth
[22:46:50] Nohohh[BastokMark]: Outer Ra'Kaznar Bat 500CP/3 M Tachi: Jinpu+Idris Do you need it? /tell
[22:47:50] {Yoran-Oran} The Rhinostery field researchers in Escha - Ru'Aun have reported-ethy some unusual data around H-9. They think Naga Raja could show up there within 10 minutes.
[22:47:55] [1]<Cantidosama> like which Lohian?
[22:48:03] Ihatethizzle examines you.
[22:48:04] Ihatethizzle begins to browse the merchandise in your bazaar.
[22:48:06] Ihatethizzle leaves your bazaar.
[22:50:16] Meavel[Mhaura]: selling  Mars Orb 1,7M
[22:53:09] {Ofune} Hello!
[22:53:09] {Yoran-Oran} Our field researchers have sent a report-ethy from H-9 in Escha - Ru'Aun. Apparently, monsters affiliated with Naga Raja have arrived there. Those guys are always getting themselves into trouble.
[22:53:40] {Urungus} .
[22:54:19] Amalgadae examines you.
[22:54:19] Amalgadae begins to browse the merchandise in your bazaar.
[22:54:20] Amalgadae leaves your bazaar.
[22:54:23] {Yoran-Oran} Our field researchers in Escha - Ru'Aun have reported that Naga Raja has appeared around H-9. What a rare research-ethy opportunity!
[22:55:45] Xerg[EastAdoulin]: Vagary 5/5: PLD WHM x3 BLM x3 BLU x2 SMN x2 GEO Can I have it? PT@5/18
[22:55:51] {Yoran-Oran} Excellent! The Naga Raja specimen from Escha - Ru'Aun has been successfully defeated-ethy!
[22:55:51] {Yoran-Oran} Hmm... Let's see how our research is progressing! We've defeated-ethy 14499 monsters in a row, bringing our total to 60981 monsters...
[22:56:20] Splendid[Whitegate]: Ambuscade VD Tank Can I have it? /tell 5/6
[22:56:24] Benisoni examines you.
[22:56:29] Benisoni begins to browse the merchandise in your bazaar.
[22:56:33] Benisoni leaves your bazaar.
[22:56:54] Shuyan examines you.
[22:56:56] Shuyan begins to browse the merchandise in your bazaar.
[22:57:01] Shuyan leaves your bazaar.
[22:57:03] Xerg[EastAdoulin]: Vagary 5/5: PLD WHM x3 BLM x2 BLU x2 SMN x2 Can I have it? PT@6/18
[22:57:09] Sicflip[Mhaura]: Heavy Metal Can I have it? 40k
[22:57:29] Amalgadae examines you.
[22:57:29] Amalgadae begins to browse the merchandise in your bazaar.
[22:57:30] Amalgadae leaves your bazaar.
[22:57:56] Drakehart[Mhaura]: Dynamis D AF+3 Unlock hands or legs Can I have it? Sell? PST
[22:58:30] {Yoran-Oran} The Rhinostery field researchers in Reisenjima have reported-ethy some unusual data around ?-?. They think Quetzalcoatl could show up there within 10 minutes.
[22:59:08] Chyula waves to Esency.
[22:59:13] Chyula slaps Misono.
[22:59:15] Chyula slaps Misono.
[22:59:17] Chyula slaps Misono.
[22:59:19] Chyula slaps Misono.
[22:59:25] Cosori : anyone here have gausebit grass that isn't 10,000 gil a piece, lol. Insanity.
[22:59:50] Xerg[EastAdoulin]: Vagary 5/5: WHM x1 BLM x2 BLU x1 SMN x2 Can I have it? PT@11/18
[22:59:55] Sicflip[PortJeuno]: Heavy Metal Can I have it? You can have this.40k
[23:00:18] {Bigying} Hello!
[23:00:32] Xerg[EastAdoulin]: Vagary 5/5: BLM x2 BLU x1 SMN x2 Can I have it? PT@12/18
[23:00:38] Kingdank[Mhaura]: yo this kindergartner tryin to snitch me out for slangin da crack in da skoolyard wtf i do
[23:01:00] Splendid[Mhaura]: you give him special dispensation
[23:01:07] {Raybalt} .
[23:01:17] Cinnamontoastfk[LowJeuno]: give him extra crack to keep his mouth shut
[23:01:22] Xerg[EastAdoulin]: Vagary 5/5: BLM x2 BLU x1 SMN x2 Can I have it? PT@12/18
[23:01:43] Kingdank[Mhaura]: do i send him to see elmo
[23:01:48] Mopho[Mhaura]: Cy.Abjuration: Bd. [WHM body] Do you need it? Buy? ~ in pool now 4M ~ /tell
[23:02:16] Runnerbliss[Norg]: Baayami+1 5/5 Can I have it? 125M You can have this. /tell please
[23:02:26] Mopho[Mhaura]: Cy.Abjuration: Bd. [WHM body] Do you need it? Buy? ~ in pool now 4M ~ /tell
[23:02:38] Xerg[EastAdoulin]: Vagary 5/5: BLM x2 BLU x1 SMN x2 GEO Can I have it? PT@12/18
[23:03:06] Mopho[Mhaura]: Cy.Abjuration: Bd. [WHM body] Do you need it? Buy? ~ in pool now 4M ~ /tell
[23:03:20] Xerg[EastAdoulin]: Vagary 5/5: BLM x2 BLU x1 SMN x2 Can I have it? PT@13/18
[23:03:22] Runnerbliss[Norg]: Baayami+1 5/5 Can I have it? 125M You can have this. /tell please
[23:03:47] Mopho[Mhaura]: Cy.Abjuration: Bd. [WHM body] Do you need it? Buy? ~ in pool now 4M ~ /tell
[23:03:47] {Yoran-Oran} Our field researchers have sent a report-ethy from ?-? in Reisenjima. Apparently, monsters affiliated with Quetzalcoatl have arrived there. Those guys are always getting themselves into trouble.
[23:03:53] [1]<Cantidosama> ah
[23:04:12] Xerg[EastAdoulin]: Vagary 5/5: BLM x2 BLU x1 SMN x1 Can I have it? PT@14/18
[23:04:12] Lileth[PortWind]: it's not technically free but 1/3 of a wyrm ash, so worth about 600k
[23:04:38] [1]<Cantidosama> nice
[23:04:42] Yojimmbo[BastokMine]: (1)BLUnqJSEMirage Stole900K  (1)Swith Cape +1900K Do you need it?Buy?HP#1
[23:04:53] Xerg[EastAdoulin]: Vagary 5/5: BLM x2  SMN x1 Can I have it? PT@15/18
[23:05:19] Runnerbliss[Norg]: Baayami+1 5/5 Can I have it? 125M You can have this. /tell please
[23:05:19] Yojimmbo[BastokMine]: (1)BLUnqJSEMirage Stole900K  (1)Swith Cape +1900K Do you need it?Buy?BazaarHP#1
[23:05:20] Angelgodric examines you.
[23:05:21] Angelgodric begins to browse the merchandise in your bazaar.
[23:05:25] Angelgodric leaves your bazaar.
[23:05:36] {Yoran-Oran} Our field researchers in Reisenjima have reported that Quetzalcoatl has appeared around ?-?. What a rare research-ethy opportunity!
[23:05:36] Xerg[EastAdoulin]: Vagary 5/5: BLM x1  SMN x1 Can I have it? PT@16/18
[23:05:53] [1]<Kurosakichigo> main "Trainee Sword"
[23:06:22] {Ellinus} .
[23:06:39] Sicflip[PortJeuno]: Heavy Metal Can I have it? You can have this.40k
[23:06:48] Yojimmbo[BastokMine]: (1)BLUnqJSEMirage Stole900K  (1)Swith Cape +1900K Do you need it?Buy?BazaarHP#1
[23:06:55] {Yoran-Oran} Excellent! The Quetzalcoatl specimen from Reisenjima has been successfully defeated-ethy!
[23:06:56] {Yoran-Oran} Hmm... Let's see how our research is progressing! We've defeated-ethy 14500 monsters in a row, bringing our total to 60982 monsters...
[23:07:02] {Bigyanga} Hello!
[23:07:15] Runnerbliss[Norg]: Baayami+1 5/5 Can I have it? 125M You can have this. /tell please
[23:07:36] Xerg[EastAdoulin]: Vagary 5/5: BLM x1  SMN x1 Can I have it? PT@16/18
[23:07:41] Yojimmbo[BastokMine]: (1)BLUnqJSEMirage Stole900K  (1)Swith Cape +1900K Do you need it?Buy?BazaarHP#1
[23:07:50] Angelgodric examines you.
[23:07:51] Angelgodric begins to browse the merchandise in your bazaar.
[23:07:53] Angelgodric leaves your bazaar.
[23:08:27] Yojimmbo[BastokMine]: (1)BLUnqJSEMirage Stole900K  (1)Swith Cape +1900K Do you need it?Buy?BazaarHP#1
[23:08:34] Xerg[EastAdoulin]: Vagary 5/5: BLM x1  SMN x1 Can I have it? PT@16/18
[23:08:35] [1]<Misono> sad face D:. no odyssey
[23:08:49] Kaostrafy[PortJeuno]: WTB Gandring 50 mil Please assist. /tell
[23:09:21] {Yoran-Oran} The Rhinostery field researchers in Escha - Zi'Tah have reported-ethy some unusual data around H-8. They think Azi Dahaka could show up there within 10 minutes.
[23:09:33] Angelgodric examines you.
[23:09:33] Yojimmbo[BastokMine]: (1)BLUnqJSEMirage Stole900K  (1)Swith Cape +1900K Do you need it?Buy?BazaarHP#1
[23:09:33] Angelgodric begins to browse the merchandise in your bazaar.
[23:09:36] Angelgodric leaves your bazaar.
[23:09:50] Sicflip[PortJeuno]: Heavy Metal Can I have it? You can have this.50k
[23:10:10] Runnerbliss[Norg]: Baayami+1 5/5 Can I have it? 125M You can have this. /tell please
[23:10:12] [1]<Lohian> sup miso
[23:10:31] Xerg[EastAdoulin]: Vagary 5/5: BLM x1 Can I have it? PT@17/18
[23:11:04] Sicflip[PortJeuno]: Heavy Metal Can I have it? You can have this.50k
[23:11:41] [1]<Beanen> nn all
[23:11:51] [1]<Misono> seeya later bean
[23:12:08] {Nekounya} Hello!
[23:12:19] Sicflip examines you.
[23:12:21] Sicflip begins to browse the merchandise in your bazaar.
[23:12:28] Sicflip bought 13 plates of heavy metal.
[23:12:30] Xerg[EastAdoulin]: Vagary 5/5: BLM x1 Can I have it? PT@17/18
[23:12:34] Runnerbliss[Norg]: Baayami+1 5/5 Can I have it? 125M You can have this. /tell please
[23:12:38] Sicflip leaves your bazaar.
[23:13:12] Sicflip[PortJeuno]: Heavy Metal Can I have it? You can have this.50k
[23:13:24] Runnerbliss[Norg]: Baayami+1 5/5 Can I have it? 125M You can have this. /tell please
[23:14:05] Yojimmbo[BastokMine]: (1)BLUnqJSEMirage Stole900K  (1)Swith Cape +1900K Do you need it?Buy?BazaarHP#1
[23:14:55] {Yoran-Oran} Our field researchers have sent a report-ethy from H-8 in Escha - Zi'Tah. Apparently, monsters affiliated with Azi Dahaka have arrived there. Those guys are always getting themselves into trouble.
[23:15:01] {Saijen} .
[23:15:06] [1]<Cantidosama> night Galnoth
[23:15:17] Yojimmbo[BastokMine]: (1)BLUnqJSEMirage Stole900K  (1)Swith Cape +1900K Do you need it?Buy?BazaarHP#1
[23:16:16] Yojimmbo[BastokMine]: (1)BLUnqJSEMirage Stole900K  (1)Swith Cape +1900K Do you need it?Buy?BazaarHP#1 last shout
[23:16:40] {Yoran-Oran} Our field researchers in Escha - Zi'Tah have reported that Azi Dahaka has appeared around H-8. What a rare research-ethy opportunity!
[23:17:57] {Yoran-Oran} Excellent! The Azi Dahaka specimen from Escha - Zi'Tah has been successfully defeated-ethy!
[23:17:57] {Yoran-Oran} Hmm... Let's see how our research is progressing! We've defeated-ethy 14501 monsters in a row, bringing our total to 60983 monsters...
[23:18:44] Sicflip[EastAdoulin]: Heavy Metal Can I have it? You can have this.50k
[23:19:35] Bladework[EastAdoulin]: Orpheus's Sash Do you have it? Sell? Reward 95m Please assist.
[23:19:44] Disastaru[BastokMine]: Beitetsu Can I have it? You can have this. 6k ea /tell
[23:19:50] {Yoran-Oran} The Rhinostery field researchers in Escha - Ru'Aun have reported-ethy some unusual data around H-9. They think Naga Raja could show up there within 10 minutes.
[23:20:28] Disastaru[BastokMine]: Beitetsu Can I have it? You can have this. 6k ea /tell
[23:21:12] Disastaru[BastokMine]: Beitetsu Can I have it? You can have this. 6k ea /tell
[23:21:31] Sicflip[EastAdoulin]: Heavy Metal Can I have it? You can have this.50k
[23:21:45] Disastaru[BastokMine]: Beitetsu Can I have it? You can have this. 6k ea /tell
[23:22:38] Disastaru[BastokMine]: Beitetsu Can I have it? You can have this. 6k ea /tell
[23:23:30] [1]<Mrboobles> good night everyone
[23:23:39] [1]<Misono> nn man
[23:23:42] [1]<Cantidosama> Night
[23:24:10] Disastaru[BastokMine]: Beitetsu Can I have it? You can have this. 6k ea /tell
[23:24:25] [1]<Lohian> nite boobs
[23:24:46] Sicflip[Mhaura]: Heavy Metal Can I have it? You can have this.50k
[23:26:02] Redphantom examines you.
[23:26:03] Redphantom begins to browse the merchandise in your bazaar.
[23:26:14] Redphantom leaves your bazaar.
[23:26:52] Sicflip[Mhaura]: Heavy Metal Can I have it? You can have this.50k
[23:27:23] [1]<Misono> bcnm timer is off
[23:27:26] Sparticusss[Mhaura]: Ambuscade vd Can I have it? rema Bard, cor, geo, R15 SAM  Rune Fencer Please invite me.
[23:27:27] {Yoran-Oran} Our field researchers have sent a report-ethy from H-9 in Escha - Ru'Aun. Apparently, monsters affiliated with Naga Raja have arrived there. Those guys are always getting themselves into trouble.
[23:27:36] [1]<Sevii> That's too bad.
[23:27:38] [1]<Misono> they gav em 1 minute to fight this fight
[23:27:56] [1]<Misono> now its 0:00
[23:27:58] [1]<Misono> but im still here
[23:28:07] [1]<Misono> so glich
[23:28:13] Sicflip[Mhaura]: Heavy Metal Can I have it? You can have this.50k
[23:28:14] [1]<Misono> should be 15 min max 
[23:28:18] Sparticusss[Mhaura]: Ambuscade vd Can I have it? rema Bard, cor, geo, R15 SAM  Rune Fencer Please invite me.
[23:28:55] Disastaru[BastokMine]: Beitetsu Can I have it? You can have this. 6k ea /tell
[23:28:59] {Yoran-Oran} Our field researchers in Escha - Ru'Aun have reported that Naga Raja has appeared around H-9. What a rare research-ethy opportunity!
[23:29:04] {Popalinn} /
[23:29:08] Sparticusss[Mhaura]: Ambuscade vd Can I have it? rema Bard, cor, geo, R15 SAM  Rune Fencer Please invite me.
[23:29:14] [1]<Disastaru> you wiping to up in arms miso?
[23:29:16] {Mokulen} .
[23:29:19] [1]<Disastaru> :P
[23:29:31] [1]<Misono> wiping this KC all ove ryour face
[23:29:47] [1]<Sevii> kinked cock?
[23:29:59] Sparticusss[Mhaura]: Ambuscade vd Can I have it? rema Bard, cor, geo, R15 SAM  Rune Fencer Please invite me.
[23:29:59] {Yoran-Oran} One must never underestimate-ethy the power of very tiny pebbles in sufficiently large numbers... Following Doctor Yoran-Oran's thought-provoking Dreams About Dirt comes its thrilling-ethy continuation, A Pebble Too Far. Coming soon!
[23:30:05] [1]<Misono> stuttering club
[23:30:27] [1]<Misono> flourite
[23:30:37] {Yoran-Oran} Excellent! The Naga Raja specimen from Escha - Ru'Aun has been successfully defeated-ethy!
[23:30:37] {Yoran-Oran} Hmm... Let's see how our research is progressing! We've defeated-ethy 14502 monsters in a row, bringing our total to 60984 monsters...
[23:30:42] [1]<Misono> now im really out of seals
[23:31:13] [1]<Sevii> sell ya moon orbs 1m ea
[23:31:20] [1]<Disastaru> 1m too cheap
[23:31:24] [1]<Disastaru> that club is 300 mil
[23:31:31] Sicflip[Mhaura]: Heavy Metal Can I have it? You can have this.50k
[23:31:32] [1]<Misono> /slap
[23:31:38] [1]<Disastaru> /evade
[23:32:36] Sparticusss[Mhaura]: Ambuscade vd Can I have it? rema Bard, cor, geo, R15 SAM  Rune Fencer  Looking for Party Please invite me.
[23:32:56] Evilmisono[SSandOria]: MoonOrb60 Sell? 200k /t
[23:33:10] Bakerboy[Rabao]: V15 Bumba Can I have it? REMA Bard with access You can have this.
[23:34:16] Sparticusss[Mhaura]: Ambuscade vd Can I have it? rema Bard, cor, geo, R15 SAM  Rune Fencer  Looking for Party Please invite me.
[23:34:51] Sicflip[Mhaura]: Heavy Metal Can I have it? You can have this.50k
[23:35:18] Sparticusss[Mhaura]: Ambuscade vd Can I have it? rema Bard, cor, geo, R15 SAM  Rune Fencer  Looking for Party Please invite me.
[23:35:32] Sicflip[Mhaura]: Heavy Metal Can I have it? You can have this.50k
[23:35:50] {Yoran-Oran} The Rhinostery field researchers in Reisenjima have reported-ethy some unusual data around ?-?. They think Quetzalcoatl could show up there within 10 minutes.
[23:36:23] Sicflip[Mhaura]: Heavy Metal Can I have it? You can have this.50k
[23:36:42] Sparticusss[Mhaura]: Ambuscade vd Can I have it? rema Bard, cor, geo, R15 SAM  Rune Fencer  Looking for Party Please invite me.
[23:37:32] Sparticusss[Mhaura]: Ambuscade vd Can I have it? rema Bard, cor, geo, R15 SAM  Rune Fencer  Looking for Party Please invite me.
[23:37:58] Sicflip[Mhaura]: Heavy Metal Can I have it? You can have this.50k
[23:38:21] Yojimmbo[Mhaura]: AmbuV1(D)Looking for members.WHM SCH BRD COR GEO /t please hold for reply
[23:38:30] Sparticusss[Mhaura]: Ambuscade vd Can I have it? rema Bard, cor, geo, R15 SAM  Rune Fencer  Looking for Party Please invite me.
[23:38:52] Sicflip[Mhaura]: Heavy Metal Can I have it? You can have this.50k
[23:39:39] Embs[Rabao]: Odyssey C Looking for members. 5/6 heavy DD /tell Embs
[23:39:54] Sicflip[Mhaura]: Heavy Metal Can I have it? You can have this.50k x550 
[23:40:04] Yojimmbo[Mhaura]: AmbuV1(D)Looking for members. WHM SCH GEO BRD PLD /t if you;re in a PT i cant inv you for obvious reasons
[23:40:32] Sicflip[Mhaura]: Heavy Metal Can I have it? You can have this.50k x550 
[23:40:55] Bladework[EastAdoulin]: Orpheus's Sash Do you have it? Sell? Reward 95m Please assist.
[23:41:06] {Yoran-Oran} Our field researchers have sent a report-ethy from ?-? in Reisenjima. Apparently, monsters affiliated with Quetzalcoatl have arrived there. Those guys are always getting themselves into trouble.
[23:41:12] {Tarahrama} .
[23:41:12] {Alexeina} .
[23:41:54] Sicflip[Mhaura]: Heavy Metal Can I have it? You can have this.50k x550 
[23:42:32] {Yoran-Oran} Our field researchers in Reisenjima have reported that Quetzalcoatl has appeared around ?-?. What a rare research-ethy opportunity!
[23:42:38] Cherilyn[Mhaura]: Ambuscade Can I have it? WHM99/SCH49 You can have this. Please assist.
[23:42:49] Sicflip[Mhaura]: Heavy Metal Can I have it? You can have this.50k x550 
[23:42:52] Zyana[WestAdoulin]: Ballista 60 cap Meriphataud Mountains Today Looking for members. everyone w/ Ballista license OK! Gather together.
[23:43:57] {Yoran-Oran} Excellent! The Quetzalcoatl specimen from Reisenjima has been successfully defeated-ethy!
[23:43:57] {Yoran-Oran} Hmm... Let's see how our research is progressing! We've defeated-ethy 14503 monsters in a row, bringing our total to 60985 monsters...
[23:44:01] {Yoran-Oran} The Rhinostery field researchers in Escha - Zi'Tah have reported-ethy some unusual data around H-8. They think Azi Dahaka could show up there within 10 minutes.
[23:44:26] Yojimmbo[Mhaura]: AmbuV1(D) Looking for members.BRDdd or BRD @5/6 /t
[23:44:34] [1]<Disastaru> miso guess what
[23:44:48] Cherilyn[Mhaura]: Ambuscade Can I have it? WHM99/SCH49 You can have this. Please assist.
[23:44:57] [1]<Misono> you made out with a cactus
[23:45:01] Yojimmbo[Mhaura]: AmbuV1(D) Looking for members.BRDdd or BRD @5/6 /t
[23:45:08] [1]<Disastaru> got a kraken club
[23:45:23] [1]<Misono> screen shot it you nipple
[23:45:33] [1]<Misono> grats i guess --_-- 
[23:45:34] Sicflip[Nashmau]: Heavy Metal Can I have it? You can have this.50k x550 
[23:45:37] [1]<Disastaru> brb need google image search
[23:45:54] [1]<Lohian> lol
[23:45:55] [1]<Misono> make sure it has a watermark that says 1998 with Paint 
[23:46:18] Yojimmbo[Mhaura]: AmbuV1(D) Looking for members.BRDdd or BRD @5/6 /t
[23:46:27] Evilmisono[SSandOria]: MoonOrb60 Sell? /tell price
[23:46:37] Kaostrafy[PortJeuno]: WTB Gandring 50 mil Please assist. /tell
[23:46:39] [1]<Lohian> is there a cap on domain points you can hold for a while?
[23:46:54] Yojimmbo[Mhaura]: AmbuV1(D) Looking for members.BRDdd or BRD @5/6 /t
[23:47:00] [1]<Misono> ya guess is good as mines
[23:47:12] Cherilyn[Mhaura]: Ambuscade Can I have it? WHM99/SCH49 You can have this. Please assist.
[23:47:15] [1]<Disastaru> in terms of total points you can hold
[23:47:21] [1]<Lohian> yea
[23:47:23] [1]<Disastaru> its prolly off in the 99999s
[23:47:26] Yojimmbo[Mhaura]: AmbuV1(D) Looking for members.BRDdd or BRD @5/6 /t
[23:47:47] [1]<Lohian> i dont think my total points is going up after a fight
[23:47:57] Yojimmbo[Mhaura]: AmbuV1(D) Looking for members.BRDdd or BRD @5/6 /t
[23:47:57] [1]<Disastaru> you can only get a max per day
[23:48:07] [1]<Lohian> yea 100 per day
[23:48:14] [1]<Lohian> but im still @ 500
[23:48:17] [1]<Disastaru> its like 100 or 200 if you get mireu
[23:48:29] Yojimmbo[Mhaura]: AmbuV1(D) Looking for members.BRDdd or BRD @5/6 /t
[23:49:14] Yojimmbo[Mhaura]: AmbuV1(D) Looking for members.BRDdd or BRD @5/6 /t
[23:49:48] Yojimmbo[Mhaura]: AmbuV1(D) Our party's full.6/6
[23:49:52] Sicflip[RuLudeGard]: Heavy Metal Can I have it? You can have this.50k x550 
[23:50:07] [1]<Lohian> ah i didnt know you could get more if you got meiru
[23:50:11] Cherilyn[Mhaura]: Ambuscade Can I have it? WHM99/SCH49 You can have this. Please assist.
[23:50:16] [1]<Evilmisono> someone selling me an orb for 350k 
[23:50:19] [1]<Evilmisono> o.o
[23:50:25] [1]<Lohian> lol
[23:50:32] [1]<Disastaru> ill sell you an orb for 3.5 mil
[23:50:39] [1]<Disastaru> they gotta move that . over a few
[23:50:53] Bladework[EastAdoulin]: Orpheus's Sash Do you have it? Sell? Reward 95m Please assist.
[23:51:13] {Carlia} Hello!
[23:51:18] Sicflip[RuLudeGard]: Heavy Metal Can I have it? You can have this.50k x550 
[23:51:29] [1]<Evilmisono> hes selling me 6-7 :3
[23:51:42] [1]<Evilmisono> unevadable/slap DT
[23:51:46] {Yoran-Oran} Our field researchers have sent a report-ethy from H-8 in Escha - Zi'Tah. Apparently, monsters affiliated with Azi Dahaka have arrived there. Those guys are always getting themselves into trouble.
[23:51:48] [1]<Disastaru> ive got 10 ors worth of seals
[23:51:57] [1]<Disastaru> /evades even unevadeable slaps
[23:52:05] Datty : /
[23:52:13] [1]<Disastaru> i mean you fell for the i got a kraken club :P
[23:52:21] [1]<Disastaru> lafff
[23:52:23] Cherilyn[Mhaura]: Ambuscade Can I have it? WHM99/SCH49 You can have this. Please assist.
[23:52:55] [1]<Evilmisono> i did whole heartedly fell but i give you just a fraction since you're one bite shy off my ankle
[23:53:02] Sicflip[RuLudeGard]: Heavy Metal Can I have it? You can have this.50k x550 
[23:53:09] {Yoran-Oran} Our field researchers in Escha - Zi'Tah have reported that Azi Dahaka has appeared around H-8. What a rare research-ethy opportunity!
[23:54:00] Juskoolin[Mhaura]: nobody selling pulse weapon?
[23:54:06] [1]<Lohian> nite guys
[23:54:14] [1]<Disastaru> night loh
[23:54:15] [1]<Cantidosama> Night
[23:54:15] [1]<Evilmisono> peace dude
[23:54:16] {Yoran-Oran} Excellent! The Azi Dahaka specimen from Escha - Zi'Tah has been successfully defeated-ethy!
[23:54:16] {Yoran-Oran} Hmm... Let's see how our research is progressing! We've defeated-ethy 14504 monsters in a row, bringing our total to 60986 monsters...
[23:54:17] Sicflip[RuLudeGard]: Heavy Metal Can I have it? You can have this.50k x550 
[23:54:29] {Yoran-Oran} The Rhinostery field researchers in Escha - Ru'Aun have reported-ethy some unusual data around H-9. They think Naga Raja could show up there within 10 minutes.
[23:55:11] Spielman[Mhaura]: or you can buy some number of pulse shards from the auction house and make the weapon
[23:55:30] Kaabaal[Mhaura]: Ambuscade V1VD Do you need it? TANK, BRD, COR, COR, DD Can I have it?
[23:56:13] Sicflip[RuLudeGard]: Heavy Metal Can I have it? You can have this.50k x550 
[23:56:44] Kaabaal[Mhaura]: Ambuscade V1VD Do you need it? TANK, COR, COR, Can I have it?
[23:58:23] Nobl[RuLudeGard]: Unity UNM S.Behemoth Do you need it? 1/?? PST
[23:58:33] Kaabaal[Mhaura]: Ambuscade V1VD Do you need it? TANK, COR, COR, Can I have it?
[23:59:01] Sicflip[RuLudeGard]: Heavy Metal Can I have it? You can have this.50k x550 
[23:59:13] Kaabaal[Mhaura]: Ambuscade V1VD Do you need it? TANK, COR, COR, Can I have it?
[23:59:34] [1]<Disastaru> oh look
[23:59:37] [1]<Disastaru> more garbage
[23:59:56] Kuwaaki examines you.
[23:59:57] Kuwaaki begins to browse the merchandise in your bazaar.
[23:59:59] You have undertaken the limited-time Records of Eminence challenge Vanquish Plantoids.
