[Information] - <06:26:42 AM>: Initialized and loaded pointers.
[Information] - <06:26:44 AM>: Loaded player settings from file.
[Information] - <21:01:36 PM>: Saved settings.
[Information] - <21:01:38 PM>: Turned off controls.
[Information] - <21:01:38 PM>: Released WindowerInput.
[Information] - <21:01:38 PM>: Disposed TakoCore.
[Information] - <21:04:43 PM>: Initialized and loaded pointers.
[Information] - <21:04:44 PM>: Loaded player settings from file.
[Information] - <21:06:44 PM>: Saved settings.
[Information] - <21:06:46 PM>: Turned off controls.
[Information] - <21:06:46 PM>: Released WindowerInput.
[Information] - <21:06:46 PM>: Disposed TakoCore.
[Information] - <21:09:32 PM>: Initialized and loaded pointers.
[Information] - <21:09:33 PM>: Loaded player settings from file.
[Information] - <21:12:24 PM>: Saved settings.
[Information] - <21:12:26 PM>: Turned off controls.
[Information] - <21:12:26 PM>: Released WindowerInput.
[Information] - <21:12:26 PM>: Disposed TakoCore.
[Information] - <21:25:39 PM>: Initialized and loaded pointers.
[Information] - <21:25:42 PM>: Loaded player settings from file.
[Information] - <21:26:10 PM>: Saved settings.
[Information] - <21:26:12 PM>: Turned off controls.
[Information] - <21:26:12 PM>: Released WindowerInput.
[Information] - <21:26:12 PM>: Disposed TakoCore.
