[Information] - <10:57:54 AM>: Initialized and loaded pointers.
[Information] - <10:57:54 AM>: Loaded player settings from file.
[Information] - <12:44:03 PM>: Saved settings.
[Information] - <12:44:03 PM>: Turned off controls.
[Information] - <12:44:03 PM>: Released WindowerInput.
[Information] - <12:44:03 PM>: Disposed TakoCore.
[Information] - <16:10:21 PM>: Initialized and loaded pointers.
[Information] - <16:10:21 PM>: Loaded player settings from file.
[Information] - <17:33:35 PM>: Saved settings.
[Information] - <17:33:35 PM>: Turned off controls.
[Information] - <17:33:35 PM>: Released WindowerInput.
[Information] - <17:33:35 PM>: Disposed TakoCore.
[Information] - <17:37:02 PM>: Initialized and loaded pointers.
[Information] - <17:37:02 PM>: Loaded player settings from file.
[Information] - <17:48:26 PM>: Saved settings.
[Information] - <17:48:26 PM>: Turned off controls.
[Information] - <17:48:26 PM>: Released WindowerInput.
[Information] - <17:48:26 PM>: Disposed TakoCore.
[Information] - <20:01:14 PM>: Initialized and loaded pointers.
[Information] - <20:01:14 PM>: Loaded player settings from file.
[Information] - <23:53:16 PM>: Saved settings.
[Information] - <23:53:16 PM>: Turned off controls.
[Information] - <23:53:16 PM>: Released WindowerInput.
[Information] - <23:53:16 PM>: Disposed TakoCore.
